Building Angular Package
Building entry point 'twa-md2-dialogs'
Rendering Stylesheets
Rendering Templates
Compiling TypeScript sources through ngc

BUILD ERROR
node_modules/@angular/material/core/typings/datetime/native-date-adapter.d.ts(8,26): error TS2307: Cannot find module '@angular/cdk/platform'.
node_modules/@angular/material/core/typings/ripple/ripple-renderer.d.ts(9,26): error TS2307: Cannot find module '@angular/cdk/platform'.
node_modules/@angular/material/core/typings/ripple/ripple.d.ts(8,26): error TS2307: Cannot find module '@angular/cdk/platform'.
node_modules/@angular/material/autocomplete/typings/autocomplete.d.ts(10,44): error TS2307: Cannot find module '@angular/cdk/a11y'.
node_modules/@angular/material/form-field/typings/form-field.d.ts(8,32): error TS2307: Cannot find module '@angular/cdk/bidi'.
node_modules/@angular/material/form-field/typings/form-field.d.ts(18,26): error TS2307: Cannot find module '@angular/cdk/platform'.
node_modules/@angular/material/autocomplete/typings/autocomplete-trigger.d.ts(8,32): error TS2307: Cannot find module '@angular/cdk/bidi'.
node_modules/@angular/material/autocomplete/typings/autocomplete-trigger.d.ts(9,56): error TS2307: Cannot find module '@angular/cdk/overlay'.
node_modules/@angular/material/badge/typings/badge.d.ts(8,31): error TS2307: Cannot find module '@angular/cdk/a11y'.
node_modules/@angular/material/bottom-sheet/typings/bottom-sheet-config.d.ts(9,27): error TS2307: Cannot find module '@angular/cdk/bidi'.
node_modules/@angular/material/bottom-sheet/typings/bottom-sheet-container.d.ts(10,84): error TS2307: Cannot find module '@angular/cdk/portal'.
node_modules/@angular/material/bottom-sheet/typings/bottom-sheet-container.d.ts(11,36): error TS2307: Cannot find module '@angular/cdk/layout'.
node_modules/@angular/material/bottom-sheet/typings/bottom-sheet-container.d.ts(13,34): error TS2307: Cannot find module '@angular/cdk/a11y'.
node_modules/@angular/material/bottom-sheet/typings/bottom-sheet-ref.d.ts(9,28): error TS2307: Cannot find module '@angular/cdk/overlay'.
node_modules/@angular/material/bottom-sheet/typings/bottom-sheet.d.ts(1,25): error TS2307: Cannot find module '@angular/cdk/overlay'.
node_modules/@angular/material/bottom-sheet/typings/bottom-sheet.d.ts(2,31): error TS2307: Cannot find module '@angular/cdk/portal'.
node_modules/@angular/material/button/typings/button.d.ts(8,30): error TS2307: Cannot find module '@angular/cdk/a11y'.
node_modules/@angular/material/button/typings/button.d.ts(9,26): error TS2307: Cannot find module '@angular/cdk/platform'.
node_modules/@angular/material/button-toggle/typings/button-toggle.d.ts(8,30): error TS2307: Cannot find module '@angular/cdk/a11y'.
node_modules/@angular/material/checkbox/typings/checkbox.d.ts(8,30): error TS2307: Cannot find module '@angular/cdk/a11y'.
node_modules/@angular/material/chips/typings/chip.d.ts(8,33): error TS2307: Cannot find module '@angular/cdk/a11y'.
node_modules/@angular/material/chips/typings/chip.d.ts(9,26): error TS2307: Cannot find module '@angular/cdk/platform'.
node_modules/@angular/material/chips/typings/chip-list.d.ts(8,33): error TS2307: Cannot find module '@angular/cdk/a11y'.
node_modules/@angular/material/chips/typings/chip-list.d.ts(9,32): error TS2307: Cannot find module '@angular/cdk/bidi'.
node_modules/@angular/material/chips/typings/chip-list.d.ts(10,32): error TS2307: Cannot find module '@angular/cdk/collections'.
node_modules/@angular/material/datepicker/typings/month-view.d.ts(3,32): error TS2307: Cannot find module '@angular/cdk/bidi'.
node_modules/@angular/material/datepicker/typings/multi-year-view.d.ts(3,32): error TS2307: Cannot find module '@angular/cdk/bidi'.
node_modules/@angular/material/datepicker/typings/year-view.d.ts(3,32): error TS2307: Cannot find module '@angular/cdk/bidi'.
node_modules/@angular/material/datepicker/typings/calendar.d.ts(8,39): error TS2307: Cannot find module '@angular/cdk/portal'.
node_modules/@angular/material/dialog/typings/dialog-config.d.ts(9,27): error TS2307: Cannot find module '@angular/cdk/bidi'.
node_modules/@angular/material/dialog/typings/dialog-config.d.ts(10,32): error TS2307: Cannot find module '@angular/cdk/overlay'.
node_modules/@angular/material/dialog/typings/dialog-container.d.ts(10,84): error TS2307: Cannot find module '@angular/cdk/portal'.
node_modules/@angular/material/dialog/typings/dialog-container.d.ts(11,34): error TS2307: Cannot find module '@angular/cdk/a11y'.
node_modules/@angular/material/dialog/typings/dialog-ref.d.ts(1,28): error TS2307: Cannot find module '@angular/cdk/overlay'.
node_modules/@angular/material/dialog/typings/dialog.d.ts(1,59): error TS2307: Cannot find module '@angular/cdk/overlay'.
node_modules/@angular/material/dialog/typings/dialog.d.ts(2,31): error TS2307: Cannot find module '@angular/cdk/portal'.
node_modules/@angular/material/datepicker/typings/datepicker.d.ts(8,32): error TS2307: Cannot find module '@angular/cdk/bidi'.
node_modules/@angular/material/datepicker/typings/datepicker.d.ts(9,53): error TS2307: Cannot find module '@angular/cdk/overlay'.
node_modules/@angular/material/datepicker/typings/datepicker.d.ts(10,31): error TS2307: Cannot find module '@angular/cdk/portal'.
node_modules/@angular/material/expansion/typings/accordion.d.ts(1,30): error TS2307: Cannot find module '@angular/cdk/accordion'.
node_modules/@angular/material/expansion/typings/expansion-panel.d.ts(9,34): error TS2307: Cannot find module '@angular/cdk/accordion'.
node_modules/@angular/material/expansion/typings/expansion-panel.d.ts(10,43): error TS2307: Cannot find module '@angular/cdk/collections'.
node_modules/@angular/material/expansion/typings/expansion-panel.d.ts(11,32): error TS2307: Cannot find module '@angular/cdk/portal'.
node_modules/@angular/material/expansion/typings/expansion-panel-header.d.ts(8,30): error TS2307: Cannot find module '@angular/cdk/a11y'.
node_modules/@angular/material/grid-list/typings/grid-list.d.ts(10,32): error TS2307: Cannot find module '@angular/cdk/bidi'.
node_modules/@angular/material/input/typings/autosize.d.ts(8,37): error TS2307: Cannot find module '@angular/cdk/text-field'.
node_modules/@angular/material/input/typings/input.d.ts(1,26): error TS2307: Cannot find module '@angular/cdk/platform'.
node_modules/@angular/material/input/typings/input.d.ts(7,33): error TS2307: Cannot find module '@angular/cdk/text-field'.
node_modules/@angular/material/list/typings/selection-list.d.ts(8,50): error TS2307: Cannot find module '@angular/cdk/a11y'.
node_modules/@angular/material/list/typings/selection-list.d.ts(9,32): error TS2307: Cannot find module '@angular/cdk/collections'.
node_modules/@angular/material/menu/typings/menu-panel.d.ts(10,27): error TS2307: Cannot find module '@angular/cdk/bidi'.
node_modules/@angular/material/menu/typings/menu-panel.d.ts(11,29): error TS2307: Cannot find module '@angular/cdk/a11y'.
node_modules/@angular/material/menu/typings/menu-item.d.ts(8,60): error TS2307: Cannot find module '@angular/cdk/a11y'.
node_modules/@angular/material/menu/typings/menu-directive.d.ts(8,29): error TS2307: Cannot find module '@angular/cdk/a11y'.
node_modules/@angular/material/menu/typings/menu-directive.d.ts(9,27): error TS2307: Cannot find module '@angular/cdk/bidi'.
node_modules/@angular/material/menu/typings/menu-trigger.d.ts(8,43): error TS2307: Cannot find module '@angular/cdk/a11y'.
node_modules/@angular/material/menu/typings/menu-trigger.d.ts(9,43): error TS2307: Cannot find module '@angular/cdk/bidi'.
node_modules/@angular/material/menu/typings/menu-trigger.d.ts(10,41): error TS2307: Cannot find module '@angular/cdk/overlay'.
node_modules/@angular/material/progress-spinner/typings/progress-spinner.d.ts(10,26): error TS2307: Cannot find module '@angular/cdk/platform'.
node_modules/@angular/material/radio/typings/radio.d.ts(8,30): error TS2307: Cannot find module '@angular/cdk/a11y'.
node_modules/@angular/material/radio/typings/radio.d.ts(9,43): error TS2307: Cannot find module '@angular/cdk/collections'.
node_modules/@angular/material/select/typings/select.d.ts(8,44): error TS2307: Cannot find module '@angular/cdk/a11y'.
node_modules/@angular/material/select/typings/select.d.ts(9,32): error TS2307: Cannot find module '@angular/cdk/bidi'.
node_modules/@angular/material/select/typings/select.d.ts(10,32): error TS2307: Cannot find module '@angular/cdk/collections'.
node_modules/@angular/material/select/typings/select.d.ts(11,103): error TS2307: Cannot find module '@angular/cdk/overlay'.
node_modules/@angular/material/sidenav/typings/drawer.d.ts(9,61): error TS2307: Cannot find module '@angular/cdk/a11y'.
node_modules/@angular/material/sidenav/typings/drawer.d.ts(10,32): error TS2307: Cannot find module '@angular/cdk/bidi'.
node_modules/@angular/material/sidenav/typings/drawer.d.ts(11,26): error TS2307: Cannot find module '@angular/cdk/platform'.
node_modules/@angular/material/sidenav/typings/drawer.d.ts(12,31): error TS2307: Cannot find module '@angular/cdk/scrolling'.
node_modules/@angular/material/slide-toggle/typings/slide-toggle.d.ts(8,30): error TS2307: Cannot find module '@angular/cdk/a11y'.
node_modules/@angular/material/slide-toggle/typings/slide-toggle.d.ts(9,26): error TS2307: Cannot find module '@angular/cdk/platform'.
node_modules/@angular/material/slider/typings/slider.d.ts(8,30): error TS2307: Cannot find module '@angular/cdk/a11y'.
node_modules/@angular/material/slider/typings/slider.d.ts(9,32): error TS2307: Cannot find module '@angular/cdk/bidi'.
node_modules/@angular/material/snack-bar/typings/snack-bar-config.d.ts(9,36): error TS2307: Cannot find module '@angular/cdk/a11y'.
node_modules/@angular/material/snack-bar/typings/snack-bar-config.d.ts(10,27): error TS2307: Cannot find module '@angular/cdk/bidi'.
node_modules/@angular/material/snack-bar/typings/snack-bar-container.d.ts(9,84): error TS2307: Cannot find module '@angular/cdk/portal'.
node_modules/@angular/material/snack-bar/typings/snack-bar-ref.d.ts(8,28): error TS2307: Cannot find module '@angular/cdk/overlay'.
node_modules/@angular/material/snack-bar/typings/snack-bar.d.ts(8,31): error TS2307: Cannot find module '@angular/cdk/a11y'.
node_modules/@angular/material/snack-bar/typings/snack-bar.d.ts(9,36): error TS2307: Cannot find module '@angular/cdk/layout'.
node_modules/@angular/material/snack-bar/typings/snack-bar.d.ts(10,25): error TS2307: Cannot find module '@angular/cdk/overlay'.
node_modules/@angular/material/snack-bar/typings/snack-bar.d.ts(11,31): error TS2307: Cannot find module '@angular/cdk/portal'.
node_modules/@angular/material/sort/typings/sort-header.d.ts(1,30): error TS2307: Cannot find module '@angular/cdk/table'.
node_modules/@angular/material/stepper/typings/step-label.d.ts(9,30): error TS2307: Cannot find module '@angular/cdk/stepper'.
node_modules/@angular/material/stepper/typings/step-header.d.ts(8,30): error TS2307: Cannot find module '@angular/cdk/a11y'.
node_modules/@angular/material/stepper/typings/stepper.d.ts(8,32): error TS2307: Cannot find module '@angular/cdk/bidi'.
node_modules/@angular/material/stepper/typings/stepper.d.ts(9,37): error TS2307: Cannot find module '@angular/cdk/stepper'.
node_modules/@angular/material/stepper/typings/stepper-button.d.ts(1,52): error TS2307: Cannot find module '@angular/cdk/stepper'.
node_modules/@angular/material/table/typings/cell.d.ts(9,117): error TS2307: Cannot find module '@angular/cdk/table'.
node_modules/@angular/material/table/typings/table.d.ts(9,26): error TS2307: Cannot find module '@angular/cdk/table'.
node_modules/@angular/material/table/typings/table.d.ts(10,32): error TS2307: Cannot find module '@angular/cdk/bidi'.
node_modules/@angular/material/table/typings/row.d.ts(9,97): error TS2307: Cannot find module '@angular/cdk/table'.
node_modules/@angular/material/table/typings/table-data-source.d.ts(1,28): error TS2307: Cannot find module '@angular/cdk/table'.
node_modules/@angular/material/tabs/typings/tab-label.d.ts(9,27): error TS2307: Cannot find module '@angular/cdk/portal'.
node_modules/@angular/material/tabs/typings/tab.d.ts(8,32): error TS2307: Cannot find module '@angular/cdk/portal'.
node_modules/@angular/material/tabs/typings/tab-header.d.ts(8,43): error TS2307: Cannot find module '@angular/cdk/bidi'.
node_modules/@angular/material/tabs/typings/tab-header.d.ts(9,31): error TS2307: Cannot find module '@angular/cdk/scrolling'.
node_modules/@angular/material/tabs/typings/tab-body.d.ts(10,70): error TS2307: Cannot find module '@angular/cdk/portal'.
node_modules/@angular/material/tabs/typings/tab-body.d.ts(11,43): error TS2307: Cannot find module '@angular/cdk/bidi'.
node_modules/@angular/material/tabs/typings/tab-nav-bar/tab-nav-bar.d.ts(8,32): error TS2307: Cannot find module '@angular/cdk/bidi'.
node_modules/@angular/material/tabs/typings/tab-nav-bar/tab-nav-bar.d.ts(9,26): error TS2307: Cannot find module '@angular/cdk/platform'.
node_modules/@angular/material/tabs/typings/tab-nav-bar/tab-nav-bar.d.ts(10,31): error TS2307: Cannot find module '@angular/cdk/scrolling'.
node_modules/@angular/material/tabs/typings/tab-nav-bar/tab-nav-bar.d.ts(14,30): error TS2307: Cannot find module '@angular/cdk/a11y'.
node_modules/@angular/material/toolbar/typings/toolbar.d.ts(10,26): error TS2307: Cannot find module '@angular/cdk/platform'.
node_modules/@angular/material/tooltip/typings/tooltip.d.ts(9,45): error TS2307: Cannot find module '@angular/cdk/a11y'.
node_modules/@angular/material/tooltip/typings/tooltip.d.ts(10,32): error TS2307: Cannot find module '@angular/cdk/bidi'.
node_modules/@angular/material/tooltip/typings/tooltip.d.ts(11,53): error TS2307: Cannot find module '@angular/cdk/layout'.
node_modules/@angular/material/tooltip/typings/tooltip.d.ts(12,124): error TS2307: Cannot find module '@angular/cdk/overlay'.
node_modules/@angular/material/tooltip/typings/tooltip.d.ts(13,26): error TS2307: Cannot find module '@angular/cdk/platform'.
node_modules/@angular/material/tree/typings/outlet.d.ts(8,35): error TS2307: Cannot find module '@angular/cdk/tree'.
node_modules/@angular/material/tree/typings/node.d.ts(8,73): error TS2307: Cannot find module '@angular/cdk/tree'.
node_modules/@angular/material/tree/typings/node.d.ts(17,22): error TS2420: Class 'MatTreeNode<T>' incorrectly implements interface 'CanDisable'.
  Property 'disabled' is missing in type 'MatTreeNode<T>'.
node_modules/@angular/material/tree/typings/node.d.ts(17,22): error TS2420: Class 'MatTreeNode<T>' incorrectly implements interface 'HasTabIndex'.
  Property 'tabIndex' is missing in type 'MatTreeNode<T>'.
node_modules/@angular/material/tree/typings/node.d.ts(32,22): error TS2420: Class 'MatNestedTreeNode<T>' incorrectly implements interface 'CanDisable'.
  Property 'disabled' is missing in type 'MatNestedTreeNode<T>'.
node_modules/@angular/material/tree/typings/node.d.ts(32,22): error TS2420: Class 'MatNestedTreeNode<T>' incorrectly implements interface 'HasTabIndex'.
  Property 'tabIndex' is missing in type 'MatNestedTreeNode<T>'.
node_modules/@angular/material/tree/typings/padding.d.ts(8,36): error TS2307: Cannot find module '@angular/cdk/tree'.
node_modules/@angular/material/tree/typings/tree.d.ts(1,25): error TS2307: Cannot find module '@angular/cdk/tree'.
node_modules/@angular/material/tree/typings/toggle.d.ts(1,35): error TS2307: Cannot find module '@angular/cdk/tree'.
node_modules/@angular/material/tree/typings/data-source/flat-data-source.d.ts(8,46): error TS2307: Cannot find module '@angular/cdk/collections'.
node_modules/@angular/material/tree/typings/data-source/flat-data-source.d.ts(9,46): error TS2307: Cannot find module '@angular/cdk/tree'.
node_modules/@angular/material/tree/typings/data-source/nested-data-source.d.ts(8,46): error TS2307: Cannot find module '@angular/cdk/collections'.
node_modules/@angular/flex-layout/flex/typings/flex-offset/flex-offset.d.ts(9,32): error TS2307: Cannot find module '@angular/cdk/bidi'.
node_modules/@angular/flex-layout/flex/typings/layout-gap/layout-gap.d.ts(9,32): error TS2307: Cannot find module '@angular/cdk/bidi'.
@angular/flex-layout/flex/typings/index.ts(40,25): Error during template compile of 'FlexModule'
  Could not resolve @angular/cdk/bidi relative to /home/jose/work/sira.es/sira-ng2-components/lib-twa-md-dialogs/node_modules/@angular/flex-layout/flex/typings/index.d.ts..
@angular/material/dialog/typings/index.ts(27,5): Error during template compile of 'MatDialogModule'
  Could not resolve @angular/cdk/overlay relative to /home/jose/work/sira.es/sira-ng2-components/lib-twa-md-dialogs/node_modules/@angular/material/dialog/typings/index.d.ts..
@angular/material/dialog/typings/index.ts(28,5): Error during template compile of 'MatDialogModule'
  Could not resolve @angular/cdk/portal relative to /home/jose/work/sira.es/sira-ng2-components/lib-twa-md-dialogs/node_modules/@angular/material/dialog/typings/index.d.ts..
@angular/material/dialog/typings/index.ts(60,10): Error during template compile of 'MAT_DIALOG_SCROLL_STRATEGY_PROVIDER'
  Could not resolve @angular/cdk/overlay relative to /home/jose/work/sira.es/sira-ng2-components/lib-twa-md-dialogs/node_modules/@angular/material/dialog/typings/index.d.ts..
@angular/material/core/typings/index.ts(31,13): Error during template compile of 'MatCommonModule'
  Could not resolve @angular/cdk/bidi relative to /home/jose/work/sira.es/sira-ng2-components/lib-twa-md-dialogs/node_modules/@angular/material/core/typings/index.d.ts..
@angular/material/core/typings/index.ts(32,13): Error during template compile of 'MatCommonModule'
  Could not resolve @angular/cdk/bidi relative to /home/jose/work/sira.es/sira-ng2-components/lib-twa-md-dialogs/node_modules/@angular/material/core/typings/index.d.ts..
: Can't resolve all parameters for MatDialog in /home/jose/work/sira.es/sira-ng2-components/lib-twa-md-dialogs/node_modules/@angular/material/dialog/typings/index.d.ts: (?, [object Object], [object Object], [object Object], [object Object], [object Object], ?).
@angular/material/dialog/typings/index.ts(75,14): Error during template compile of 'MatDialogContainer'
  Could not resolve @angular/cdk/portal relative to /home/jose/work/sira.es/sira-ng2-components/lib-twa-md-dialogs/node_modules/@angular/material/dialog/typings/index.d.ts..
: Can't construct a query for the property "_portalOutlet" of "MatDialogContainer in /home/jose/work/sira.es/sira-ng2-components/lib-twa-md-dialogs/node_modules/@angular/material/dialog/typings/index.d.ts" since the query selector wasn't defined.
: Can't resolve all parameters for MatDialogContainer in /home/jose/work/sira.es/sira-ng2-components/lib-twa-md-dialogs/node_modules/@angular/material/dialog/typings/index.d.ts: ([object Object], ?, [object Object], [object Object], [object Object]).
@angular/material/core/typings/index.ts(19,30): Error during template compile of 'MatRippleModule'
  Could not resolve @angular/cdk/platform relative to /home/jose/work/sira.es/sira-ng2-components/lib-twa-md-dialogs/node_modules/@angular/material/core/typings/index.d.ts..
@angular/material/input/typings/index.ts(22,5): Error during template compile of 'MatInputModule'
  Could not resolve @angular/cdk/text-field relative to /home/jose/work/sira.es/sira-ng2-components/lib-twa-md-dialogs/node_modules/@angular/material/input/typings/index.d.ts..
@angular/material/input/typings/index.ts(26,5): Error during template compile of 'MatInputModule'
  Could not resolve @angular/cdk/text-field relative to /home/jose/work/sira.es/sira-ng2-components/lib-twa-md-dialogs/node_modules/@angular/material/input/typings/index.d.ts..
@angular/material/checkbox/typings/index.ts(18,61): Error during template compile of 'MatCheckboxModule'
  Could not resolve @angular/cdk/observers relative to /home/jose/work/sira.es/sira-ng2-components/lib-twa-md-dialogs/node_modules/@angular/material/checkbox/typings/index.d.ts..
@angular/material/select/typings/index.ts(20,5): Error during template compile of 'MatSelectModule'
  Could not resolve @angular/cdk/overlay relative to /home/jose/work/sira.es/sira-ng2-components/lib-twa-md-dialogs/node_modules/@angular/material/select/typings/index.d.ts..
@angular/material/select/typings/index.ts(145,10): Error during template compile of 'MAT_SELECT_SCROLL_STRATEGY_PROVIDER'
  Could not resolve @angular/cdk/overlay relative to /home/jose/work/sira.es/sira-ng2-components/lib-twa-md-dialogs/node_modules/@angular/material/select/typings/index.d.ts..
@angular/material/datepicker/typings/index.ts(36,5): Error during template compile of 'MatDatepickerModule'
  Could not resolve @angular/cdk/overlay relative to /home/jose/work/sira.es/sira-ng2-components/lib-twa-md-dialogs/node_modules/@angular/material/datepicker/typings/index.d.ts..
@angular/material/datepicker/typings/index.ts(37,5): Error during template compile of 'MatDatepickerModule'
  Could not resolve @angular/cdk/a11y relative to /home/jose/work/sira.es/sira-ng2-components/lib-twa-md-dialogs/node_modules/@angular/material/datepicker/typings/index.d.ts..
@angular/material/datepicker/typings/index.ts(38,5): Error during template compile of 'MatDatepickerModule'
  Could not resolve @angular/cdk/portal relative to /home/jose/work/sira.es/sira-ng2-components/lib-twa-md-dialogs/node_modules/@angular/material/datepicker/typings/index.d.ts..
@angular/material/datepicker/typings/index.ts(63,10): Error during template compile of 'MAT_DATEPICKER_SCROLL_STRATEGY_FACTORY_PROVIDER'
  Could not resolve @angular/cdk/overlay relative to /home/jose/work/sira.es/sira-ng2-components/lib-twa-md-dialogs/node_modules/@angular/material/datepicker/typings/index.d.ts..
@angular/material/core/typings/index.ts(23,13): Error during template compile of 'NativeDateModule'
  Could not resolve @angular/cdk/platform relative to /home/jose/work/sira.es/sira-ng2-components/lib-twa-md-dialogs/node_modules/@angular/material/core/typings/index.d.ts..
: Can't resolve all parameters for NativeDateAdapter in /home/jose/work/sira.es/sira-ng2-components/lib-twa-md-dialogs/node_modules/@angular/material/core/typings/index.d.ts: ([object Object], ?).
@angular/material/autocomplete/typings/index.ts(21,30): Error during template compile of 'MatAutocompleteModule'
  Could not resolve @angular/cdk/overlay relative to /home/jose/work/sira.es/sira-ng2-components/lib-twa-md-dialogs/node_modules/@angular/material/autocomplete/typings/index.d.ts..
@angular/material/autocomplete/typings/index.ts(74,10): Error during template compile of 'MAT_AUTOCOMPLETE_SCROLL_STRATEGY_FACTORY_PROVIDER'
  Could not resolve @angular/cdk/overlay relative to /home/jose/work/sira.es/sira-ng2-components/lib-twa-md-dialogs/node_modules/@angular/material/autocomplete/typings/index.d.ts..
@angular/material/badge/typings/index.ts(17,5): Error during template compile of 'MatBadgeModule'
  Could not resolve @angular/cdk/a11y relative to /home/jose/work/sira.es/sira-ng2-components/lib-twa-md-dialogs/node_modules/@angular/material/badge/typings/index.d.ts..
@angular/material/bottom-sheet/typings/index.ts(20,5): Error during template compile of 'MatBottomSheetModule'
  Could not resolve @angular/cdk/overlay relative to /home/jose/work/sira.es/sira-ng2-components/lib-twa-md-dialogs/node_modules/@angular/material/bottom-sheet/typings/index.d.ts..
@angular/material/bottom-sheet/typings/index.ts(22,5): Error during template compile of 'MatBottomSheetModule'
  Could not resolve @angular/cdk/portal relative to /home/jose/work/sira.es/sira-ng2-components/lib-twa-md-dialogs/node_modules/@angular/material/bottom-sheet/typings/index.d.ts..
@angular/material/bottom-sheet/typings/index.ts(66,14): Error during template compile of 'MatBottomSheetContainer'
  Could not resolve @angular/cdk/portal relative to /home/jose/work/sira.es/sira-ng2-components/lib-twa-md-dialogs/node_modules/@angular/material/bottom-sheet/typings/index.d.ts..
: Can't construct a query for the property "_portalOutlet" of "MatBottomSheetContainer in /home/jose/work/sira.es/sira-ng2-components/lib-twa-md-dialogs/node_modules/@angular/material/bottom-sheet/typings/index.d.ts" since the query selector wasn't defined.
: Can't resolve all parameters for MatBottomSheetContainer in /home/jose/work/sira.es/sira-ng2-components/lib-twa-md-dialogs/node_modules/@angular/material/bottom-sheet/typings/index.d.ts: ([object Object], [object Object], ?, ?, [object Object], [object Object]).
@angular/material/chips/typings/index.ts(34,29): Error during template compile of 'MatChipsModule'
  Could not resolve @angular/cdk/keycodes relative to /home/jose/work/sira.es/sira-ng2-components/lib-twa-md-dialogs/node_modules/@angular/material/chips/typings/index.d.ts..
@angular/material/expansion/typings/index.ts(24,27): Error during template compile of 'MatExpansionModule'
  Could not resolve @angular/cdk/accordion relative to /home/jose/work/sira.es/sira-ng2-components/lib-twa-md-dialogs/node_modules/@angular/material/expansion/typings/index.d.ts..
@angular/material/expansion/typings/index.ts(24,47): Error during template compile of 'MatExpansionModule'
  Could not resolve @angular/cdk/portal relative to /home/jose/work/sira.es/sira-ng2-components/lib-twa-md-dialogs/node_modules/@angular/material/expansion/typings/index.d.ts..
@angular/material/menu/typings/index.ts(27,5): Error during template compile of 'MatMenuModule'
  Could not resolve @angular/cdk/overlay relative to /home/jose/work/sira.es/sira-ng2-components/lib-twa-md-dialogs/node_modules/@angular/material/menu/typings/index.d.ts..
@angular/material/menu/typings/index.ts(56,10): Error during template compile of 'ɵe24'
  Could not resolve @angular/cdk/overlay relative to /home/jose/work/sira.es/sira-ng2-components/lib-twa-md-dialogs/node_modules/@angular/material/menu/typings/index.d.ts..
@angular/material/tooltip/typings/index.ts(22,5): Error during template compile of 'MatTooltipModule'
  Could not resolve @angular/cdk/a11y relative to /home/jose/work/sira.es/sira-ng2-components/lib-twa-md-dialogs/node_modules/@angular/material/tooltip/typings/index.d.ts..
@angular/material/tooltip/typings/index.ts(24,5): Error during template compile of 'MatTooltipModule'
  Could not resolve @angular/cdk/overlay relative to /home/jose/work/sira.es/sira-ng2-components/lib-twa-md-dialogs/node_modules/@angular/material/tooltip/typings/index.d.ts..
@angular/material/tooltip/typings/index.ts(72,10): Error during template compile of 'MAT_TOOLTIP_SCROLL_STRATEGY_FACTORY_PROVIDER'
  Could not resolve @angular/cdk/overlay relative to /home/jose/work/sira.es/sira-ng2-components/lib-twa-md-dialogs/node_modules/@angular/material/tooltip/typings/index.d.ts..
: Can't resolve all parameters for TooltipComponent in /home/jose/work/sira.es/sira-ng2-components/lib-twa-md-dialogs/node_modules/@angular/material/tooltip/typings/index.d.ts: ([object Object], ?).
@angular/material/sidenav/typings/index.ts(21,5): Error during template compile of 'MatSidenavModule'
  Could not resolve @angular/cdk/scrolling relative to /home/jose/work/sira.es/sira-ng2-components/lib-twa-md-dialogs/node_modules/@angular/material/sidenav/typings/index.d.ts..
@angular/material/sidenav/typings/index.ts(22,5): Error during template compile of 'MatSidenavModule'
  Could not resolve @angular/cdk/platform relative to /home/jose/work/sira.es/sira-ng2-components/lib-twa-md-dialogs/node_modules/@angular/material/sidenav/typings/index.d.ts..
@angular/material/slide-toggle/typings/index.ts(17,47): Error during template compile of 'MatSlideToggleModule'
  Could not resolve @angular/cdk/observers relative to /home/jose/work/sira.es/sira-ng2-components/lib-twa-md-dialogs/node_modules/@angular/material/slide-toggle/typings/index.d.ts..
@angular/material/snack-bar/typings/index.ts(21,5): Error during template compile of 'MatSnackBarModule'
  Could not resolve @angular/cdk/overlay relative to /home/jose/work/sira.es/sira-ng2-components/lib-twa-md-dialogs/node_modules/@angular/material/snack-bar/typings/index.d.ts..
@angular/material/snack-bar/typings/index.ts(22,5): Error during template compile of 'MatSnackBarModule'
  Could not resolve @angular/cdk/portal relative to /home/jose/work/sira.es/sira-ng2-components/lib-twa-md-dialogs/node_modules/@angular/material/snack-bar/typings/index.d.ts..
@angular/material/snack-bar/typings/index.ts(58,14): Error during template compile of 'MatSnackBarContainer'
  Could not resolve @angular/cdk/portal relative to /home/jose/work/sira.es/sira-ng2-components/lib-twa-md-dialogs/node_modules/@angular/material/snack-bar/typings/index.d.ts..
: Can't construct a query for the property "_portalOutlet" of "MatSnackBarContainer in /home/jose/work/sira.es/sira-ng2-components/lib-twa-md-dialogs/node_modules/@angular/material/snack-bar/typings/index.d.ts" since the query selector wasn't defined.
@angular/material/stepper/typings/index.ts(28,5): Error during template compile of 'MatStepperModule'
  Could not resolve @angular/cdk/portal relative to /home/jose/work/sira.es/sira-ng2-components/lib-twa-md-dialogs/node_modules/@angular/material/stepper/typings/index.d.ts..
@angular/material/stepper/typings/index.ts(30,5): Error during template compile of 'MatStepperModule'
  Could not resolve @angular/cdk/stepper relative to /home/jose/work/sira.es/sira-ng2-components/lib-twa-md-dialogs/node_modules/@angular/material/stepper/typings/index.d.ts..
@angular/material/stepper/typings/index.ts(21,25): Error during template compile of 'MatStepperNext'
  Could not resolve @angular/cdk/stepper relative to /home/jose/work/sira.es/sira-ng2-components/lib-twa-md-dialogs/node_modules/@angular/material/stepper/typings/index.d.ts..
@angular/material/stepper/typings/index.ts(33,25): Error during template compile of 'MatStepperPrevious'
  Could not resolve @angular/cdk/stepper relative to /home/jose/work/sira.es/sira-ng2-components/lib-twa-md-dialogs/node_modules/@angular/material/stepper/typings/index.d.ts..
@angular/material/table/typings/index.ts(57,13): Error during template compile of 'MatTableModule'
  Could not resolve @angular/cdk/table relative to /home/jose/work/sira.es/sira-ng2-components/lib-twa-md-dialogs/node_modules/@angular/material/table/typings/index.d.ts..
@angular/material/table/typings/index.ts(29,13): Error during template compile of 'MatTable'
  Could not resolve @angular/cdk/table relative to /home/jose/work/sira.es/sira-ng2-components/lib-twa-md-dialogs/node_modules/@angular/material/table/typings/index.d.ts..
@angular/material/table/typings/index.ts(39,25): Error during template compile of 'MatHeaderCellDef'
  Could not resolve @angular/cdk/table relative to /home/jose/work/sira.es/sira-ng2-components/lib-twa-md-dialogs/node_modules/@angular/material/table/typings/index.d.ts..
@angular/material/table/typings/index.ts(30,25): Error during template compile of 'MatHeaderRowDef'
  Could not resolve @angular/cdk/table relative to /home/jose/work/sira.es/sira-ng2-components/lib-twa-md-dialogs/node_modules/@angular/material/table/typings/index.d.ts..
@angular/material/table/typings/index.ts(69,25): Error during template compile of 'MatColumnDef'
  Could not resolve @angular/cdk/table relative to /home/jose/work/sira.es/sira-ng2-components/lib-twa-md-dialogs/node_modules/@angular/material/table/typings/index.d.ts..
@angular/material/table/typings/index.ts(24,25): Error during template compile of 'MatCellDef'
  Could not resolve @angular/cdk/table relative to /home/jose/work/sira.es/sira-ng2-components/lib-twa-md-dialogs/node_modules/@angular/material/table/typings/index.d.ts..
@angular/material/table/typings/index.ts(63,25): Error during template compile of 'MatRowDef'
  Could not resolve @angular/cdk/table relative to /home/jose/work/sira.es/sira-ng2-components/lib-twa-md-dialogs/node_modules/@angular/material/table/typings/index.d.ts..
@angular/material/table/typings/index.ts(54,25): Error during template compile of 'MatFooterCellDef'
  Could not resolve @angular/cdk/table relative to /home/jose/work/sira.es/sira-ng2-components/lib-twa-md-dialogs/node_modules/@angular/material/table/typings/index.d.ts..
@angular/material/table/typings/index.ts(46,25): Error during template compile of 'MatFooterRowDef'
  Could not resolve @angular/cdk/table relative to /home/jose/work/sira.es/sira-ng2-components/lib-twa-md-dialogs/node_modules/@angular/material/table/typings/index.d.ts..
@angular/material/table/typings/index.ts(77,13): Error during template compile of 'MatHeaderRow'
  Could not resolve @angular/cdk/table relative to /home/jose/work/sira.es/sira-ng2-components/lib-twa-md-dialogs/node_modules/@angular/material/table/typings/index.d.ts..
@angular/material/table/typings/index.ts(85,25): Error during template compile of 'MatHeaderRow'
  Could not resolve @angular/cdk/table relative to /home/jose/work/sira.es/sira-ng2-components/lib-twa-md-dialogs/node_modules/@angular/material/table/typings/index.d.ts..
@angular/material/table/typings/index.ts(109,13): Error during template compile of 'MatRow'
  Could not resolve @angular/cdk/table relative to /home/jose/work/sira.es/sira-ng2-components/lib-twa-md-dialogs/node_modules/@angular/material/table/typings/index.d.ts..
@angular/material/table/typings/index.ts(117,25): Error during template compile of 'MatRow'
  Could not resolve @angular/cdk/table relative to /home/jose/work/sira.es/sira-ng2-components/lib-twa-md-dialogs/node_modules/@angular/material/table/typings/index.d.ts..
@angular/material/table/typings/index.ts(93,13): Error during template compile of 'MatFooterRow'
  Could not resolve @angular/cdk/table relative to /home/jose/work/sira.es/sira-ng2-components/lib-twa-md-dialogs/node_modules/@angular/material/table/typings/index.d.ts..
@angular/material/table/typings/index.ts(101,25): Error during template compile of 'MatFooterRow'
  Could not resolve @angular/cdk/table relative to /home/jose/work/sira.es/sira-ng2-components/lib-twa-md-dialogs/node_modules/@angular/material/table/typings/index.d.ts..
@angular/material/tabs/typings/index.ts(30,5): Error during template compile of 'MatTabsModule'
  Could not resolve @angular/cdk/portal relative to /home/jose/work/sira.es/sira-ng2-components/lib-twa-md-dialogs/node_modules/@angular/material/tabs/typings/index.d.ts..
@angular/material/tabs/typings/index.ts(32,5): Error during template compile of 'MatTabsModule'
  Could not resolve @angular/cdk/observers relative to /home/jose/work/sira.es/sira-ng2-components/lib-twa-md-dialogs/node_modules/@angular/material/tabs/typings/index.d.ts..
@angular/material/tabs/typings/index.ts(33,5): Error during template compile of 'MatTabsModule'
  Could not resolve @angular/cdk/a11y relative to /home/jose/work/sira.es/sira-ng2-components/lib-twa-md-dialogs/node_modules/@angular/material/tabs/typings/index.d.ts..
@angular/material/tree/typings/index.ts(46,25): Error during template compile of 'MatTreeNode'
  Could not resolve @angular/cdk/tree relative to /home/jose/work/sira.es/sira-ng2-components/lib-twa-md-dialogs/node_modules/@angular/material/tree/typings/index.d.ts..
@angular/material/tree/typings/index.ts(69,25): Error during template compile of 'MatTreeNodeDef'
  Could not resolve @angular/cdk/tree relative to /home/jose/work/sira.es/sira-ng2-components/lib-twa-md-dialogs/node_modules/@angular/material/tree/typings/index.d.ts..
@angular/material/tree/typings/index.ts(88,15): Error during template compile of 'MatNestedTreeNode'
  Could not resolve @angular/cdk/tree relative to /home/jose/work/sira.es/sira-ng2-components/lib-twa-md-dialogs/node_modules/@angular/material/tree/typings/index.d.ts..
@angular/material/tree/typings/index.ts(89,15): Error during template compile of 'MatNestedTreeNode'
  Could not resolve @angular/cdk/tree relative to /home/jose/work/sira.es/sira-ng2-components/lib-twa-md-dialogs/node_modules/@angular/material/tree/typings/index.d.ts..
@angular/material/tree/typings/index.ts(17,25): Error during template compile of 'MatTreeNodePadding'
  Could not resolve @angular/cdk/tree relative to /home/jose/work/sira.es/sira-ng2-components/lib-twa-md-dialogs/node_modules/@angular/material/tree/typings/index.d.ts..
@angular/material/tree/typings/index.ts(28,25): Error during template compile of 'MatTree'
  Could not resolve @angular/cdk/tree relative to /home/jose/work/sira.es/sira-ng2-components/lib-twa-md-dialogs/node_modules/@angular/material/tree/typings/index.d.ts..
@angular/material/tree/typings/index.ts(31,13): Error during template compile of 'MatTreeModule'
  Could not resolve @angular/cdk/tree relative to /home/jose/work/sira.es/sira-ng2-components/lib-twa-md-dialogs/node_modules/@angular/material/tree/typings/index.d.ts..
@angular/material/tree/typings/index.ts(20,25): Error during template compile of 'MatTreeNodeToggle'
  Could not resolve @angular/cdk/tree relative to /home/jose/work/sira.es/sira-ng2-components/lib-twa-md-dialogs/node_modules/@angular/material/tree/typings/index.d.ts..
: Can't resolve all parameters for MatRipple in /home/jose/work/sira.es/sira-ng2-components/lib-twa-md-dialogs/node_modules/@angular/material/core/typings/index.d.ts: ([object Object], [object Object], ?, [object Object], [object Object]).
: Can't resolve all parameters for MatFormField in /home/jose/work/sira.es/sira-ng2-components/lib-twa-md-dialogs/node_modules/@angular/material/form-field/typings/index.d.ts: ([object Object], [object Object], [object Object], ?, [object Object], ?, [object Object], [object Object]).
: Can't resolve all parameters for MatAutocompleteTrigger in /home/jose/work/sira.es/sira-ng2-components/lib-twa-md-dialogs/node_modules/@angular/material/autocomplete/typings/index.d.ts: ([object Object], ?, [object Object], [object Object], [object Object], [object Object], ?, [object Object], [object Object], ?).
: Can't resolve all parameters for MatBadge in /home/jose/work/sira.es/sira-ng2-components/lib-twa-md-dialogs/node_modules/@angular/material/badge/typings/index.d.ts: ([object Object], [object Object], [object Object], ?).
: Can't resolve all parameters for MatButton in /home/jose/work/sira.es/sira-ng2-components/lib-twa-md-dialogs/node_modules/@angular/material/button/typings/index.d.ts: ([object Object], ?, ?, [object Object]).
: Can't resolve all parameters for MatAnchor in /home/jose/work/sira.es/sira-ng2-components/lib-twa-md-dialogs/node_modules/@angular/material/button/typings/index.d.ts: (?, ?, [object Object], [object Object]).
: Can't resolve all parameters for MatButtonToggle in /home/jose/work/sira.es/sira-ng2-components/lib-twa-md-dialogs/node_modules/@angular/material/button-toggle/typings/index.d.ts: ([object Object], [object Object], [object Object], ?).
: Can't resolve all parameters for MatCheckbox in /home/jose/work/sira.es/sira-ng2-components/lib-twa-md-dialogs/node_modules/@angular/material/checkbox/typings/index.d.ts: ([object Object], [object Object], ?, [object Object], [object Object], [object Object], [object Object]).
: Can't resolve all parameters for MatChipList in /home/jose/work/sira.es/sira-ng2-components/lib-twa-md-dialogs/node_modules/@angular/material/chips/typings/index.d.ts: ([object Object], [object Object], ?, [object Object], [object Object], [object Object], [object Object]).
: Can't resolve all parameters for MatChip in /home/jose/work/sira.es/sira-ng2-components/lib-twa-md-dialogs/node_modules/@angular/material/chips/typings/index.d.ts: ([object Object], [object Object], ?, [object Object]).
: Can't resolve all parameters for MatDatepicker in /home/jose/work/sira.es/sira-ng2-components/lib-twa-md-dialogs/node_modules/@angular/material/datepicker/typings/index.d.ts: ([object Object], ?, [object Object], [object Object], [object Object], [object Object], ?, [object Object]).
: Can't resolve all parameters for MatMonthView in /home/jose/work/sira.es/sira-ng2-components/lib-twa-md-dialogs/node_modules/@angular/material/datepicker/typings/index.d.ts: ([object Object], [object Object], [object Object], ?).
: Can't resolve all parameters for MatYearView in /home/jose/work/sira.es/sira-ng2-components/lib-twa-md-dialogs/node_modules/@angular/material/datepicker/typings/index.d.ts: ([object Object], [object Object], [object Object], ?).
: Can't resolve all parameters for ɵa34 in /home/jose/work/sira.es/sira-ng2-components/lib-twa-md-dialogs/node_modules/@angular/material/datepicker/typings/index.d.ts: ([object Object], [object Object], ?).
: Can't resolve all parameters for MatExpansionPanel in /home/jose/work/sira.es/sira-ng2-components/lib-twa-md-dialogs/node_modules/@angular/material/expansion/typings/index.d.ts: ([object Object], [object Object], ?, [object Object]).
: Can't resolve all parameters for MatExpansionPanelHeader in /home/jose/work/sira.es/sira-ng2-components/lib-twa-md-dialogs/node_modules/@angular/material/expansion/typings/index.d.ts: ([object Object], [object Object], ?, [object Object]).
: Can't resolve all parameters for MatGridList in /home/jose/work/sira.es/sira-ng2-components/lib-twa-md-dialogs/node_modules/@angular/material/grid-list/typings/index.d.ts: ([object Object], ?).
: Can't resolve all parameters for MatInput in /home/jose/work/sira.es/sira-ng2-components/lib-twa-md-dialogs/node_modules/@angular/material/input/typings/index.d.ts: ([object Object], ?, [object Object], [object Object], [object Object], [object Object], [object Object], ?, [object Object]).
: Can't resolve all parameters for MatMenuItem in /home/jose/work/sira.es/sira-ng2-components/lib-twa-md-dialogs/node_modules/@angular/material/menu/typings/index.d.ts: ([object Object], [object Object], ?, [object Object]).
: Can't resolve all parameters for MatMenuTrigger in /home/jose/work/sira.es/sira-ng2-components/lib-twa-md-dialogs/node_modules/@angular/material/menu/typings/index.d.ts: (?, [object Object], [object Object], [object Object], [object Object], [object Object], ?, ?).
: Can't resolve all parameters for MatProgressSpinner in /home/jose/work/sira.es/sira-ng2-components/lib-twa-md-dialogs/node_modules/@angular/material/progress-spinner/typings/index.d.ts: ([object Object], ?, [object Object], [object Object], [object Object]).
: Can't resolve all parameters for MatSpinner in /home/jose/work/sira.es/sira-ng2-components/lib-twa-md-dialogs/node_modules/@angular/material/progress-spinner/typings/index.d.ts: ([object Object], ?, [object Object], [object Object], [object Object]).
: Can't resolve all parameters for MatRadioButton in /home/jose/work/sira.es/sira-ng2-components/lib-twa-md-dialogs/node_modules/@angular/material/radio/typings/index.d.ts: ([object Object], [object Object], [object Object], ?, ?, [object Object]).
@angular/material/select/typings/index.ts(336,14): Error during template compile of 'MatSelect'
  Could not resolve @angular/cdk/overlay relative to /home/jose/work/sira.es/sira-ng2-components/lib-twa-md-dialogs/node_modules/@angular/material/select/typings/index.d.ts..
: Can't construct a query for the property "overlayDir" of "MatSelect in /home/jose/work/sira.es/sira-ng2-components/lib-twa-md-dialogs/node_modules/@angular/material/select/typings/index.d.ts" since the query selector wasn't defined.
: Can't resolve all parameters for MatSelect in /home/jose/work/sira.es/sira-ng2-components/lib-twa-md-dialogs/node_modules/@angular/material/select/typings/index.d.ts: (?, [object Object], [object Object], [object Object], [object Object], ?, [object Object], [object Object], [object Object], [object Object], [object Object], [object Object]).
: Can't resolve all parameters for MatDrawer in /home/jose/work/sira.es/sira-ng2-components/lib-twa-md-dialogs/node_modules/@angular/material/sidenav/typings/index.d.ts: ([object Object], ?, ?, ?, [object Object], [object Object]).
@angular/material/sidenav/typings/index.ts(474,14): Error during template compile of 'MatDrawerContainer'
  Could not resolve @angular/cdk/scrolling relative to /home/jose/work/sira.es/sira-ng2-components/lib-twa-md-dialogs/node_modules/@angular/material/sidenav/typings/index.d.ts..
: Can't construct a query for the property "scrollable" of "MatDrawerContainer in /home/jose/work/sira.es/sira-ng2-components/lib-twa-md-dialogs/node_modules/@angular/material/sidenav/typings/index.d.ts" since the query selector wasn't defined.
: Can't resolve all parameters for MatDrawerContainer in /home/jose/work/sira.es/sira-ng2-components/lib-twa-md-dialogs/node_modules/@angular/material/sidenav/typings/index.d.ts: (?, [object Object], [object Object], [object Object], [object Object], [object Object]).
: Can't resolve all parameters for MatSidenav in /home/jose/work/sira.es/sira-ng2-components/lib-twa-md-dialogs/node_modules/@angular/material/sidenav/typings/index.d.ts: ([object Object], ?, ?, ?, [object Object], [object Object]).
: Can't construct a query for the property "scrollable" of "MatSidenavContainer in /home/jose/work/sira.es/sira-ng2-components/lib-twa-md-dialogs/node_modules/@angular/material/sidenav/typings/index.d.ts" since the query selector wasn't defined.
: Can't resolve all parameters for MatSidenavContainer in /home/jose/work/sira.es/sira-ng2-components/lib-twa-md-dialogs/node_modules/@angular/material/sidenav/typings/index.d.ts: (?, [object Object], [object Object], [object Object], [object Object], [object Object]).
: Can't resolve all parameters for MatSlideToggle in /home/jose/work/sira.es/sira-ng2-components/lib-twa-md-dialogs/node_modules/@angular/material/slide-toggle/typings/index.d.ts: ([object Object], ?, ?, [object Object], [object Object], [object Object], [object Object], [object Object]).
: Can't resolve all parameters for MatSlider in /home/jose/work/sira.es/sira-ng2-components/lib-twa-md-dialogs/node_modules/@angular/material/slider/typings/index.d.ts: ([object Object], ?, [object Object], ?, [object Object], [object Object]).
: Can't resolve all parameters for MatSortHeader in /home/jose/work/sira.es/sira-ng2-components/lib-twa-md-dialogs/node_modules/@angular/material/sort/typings/index.d.ts: ([object Object], [object Object], [object Object], ?).
: Can't resolve all parameters for MatVerticalStepper in /home/jose/work/sira.es/sira-ng2-components/lib-twa-md-dialogs/node_modules/@angular/material/stepper/typings/index.d.ts: (?, [object Object]).
: Invalid providers for "MatStepperNext in /home/jose/work/sira.es/sira-ng2-components/lib-twa-md-dialogs/node_modules/@angular/material/stepper/typings/index.d.ts" - only instances of Provider and Type are allowed, got: [?[object Object]?]
: Invalid providers for "MatStepperPrevious in /home/jose/work/sira.es/sira-ng2-components/lib-twa-md-dialogs/node_modules/@angular/material/stepper/typings/index.d.ts" - only instances of Provider and Type are allowed, got: [?[object Object]?]
: Can't resolve all parameters for MatStepHeader in /home/jose/work/sira.es/sira-ng2-components/lib-twa-md-dialogs/node_modules/@angular/material/stepper/typings/index.d.ts: ([object Object], ?, [object Object], [object Object]).
: Can't resolve all parameters for MatTable in /home/jose/work/sira.es/sira-ng2-components/lib-twa-md-dialogs/node_modules/@angular/material/table/typings/index.d.ts: ([object Object], [object Object], [object Object], [object Object], ?).
: No template specified for component MatTable

Error: node_modules/@angular/material/core/typings/datetime/native-date-adapter.d.ts(8,26): error TS2307: Cannot find module '@angular/cdk/platform'.
node_modules/@angular/material/core/typings/ripple/ripple-renderer.d.ts(9,26): error TS2307: Cannot find module '@angular/cdk/platform'.
node_modules/@angular/material/core/typings/ripple/ripple.d.ts(8,26): error TS2307: Cannot find module '@angular/cdk/platform'.
node_modules/@angular/material/autocomplete/typings/autocomplete.d.ts(10,44): error TS2307: Cannot find module '@angular/cdk/a11y'.
node_modules/@angular/material/form-field/typings/form-field.d.ts(8,32): error TS2307: Cannot find module '@angular/cdk/bidi'.
node_modules/@angular/material/form-field/typings/form-field.d.ts(18,26): error TS2307: Cannot find module '@angular/cdk/platform'.
node_modules/@angular/material/autocomplete/typings/autocomplete-trigger.d.ts(8,32): error TS2307: Cannot find module '@angular/cdk/bidi'.
node_modules/@angular/material/autocomplete/typings/autocomplete-trigger.d.ts(9,56): error TS2307: Cannot find module '@angular/cdk/overlay'.
node_modules/@angular/material/badge/typings/badge.d.ts(8,31): error TS2307: Cannot find module '@angular/cdk/a11y'.
node_modules/@angular/material/bottom-sheet/typings/bottom-sheet-config.d.ts(9,27): error TS2307: Cannot find module '@angular/cdk/bidi'.
node_modules/@angular/material/bottom-sheet/typings/bottom-sheet-container.d.ts(10,84): error TS2307: Cannot find module '@angular/cdk/portal'.
node_modules/@angular/material/bottom-sheet/typings/bottom-sheet-container.d.ts(11,36): error TS2307: Cannot find module '@angular/cdk/layout'.
node_modules/@angular/material/bottom-sheet/typings/bottom-sheet-container.d.ts(13,34): error TS2307: Cannot find module '@angular/cdk/a11y'.
node_modules/@angular/material/bottom-sheet/typings/bottom-sheet-ref.d.ts(9,28): error TS2307: Cannot find module '@angular/cdk/overlay'.
node_modules/@angular/material/bottom-sheet/typings/bottom-sheet.d.ts(1,25): error TS2307: Cannot find module '@angular/cdk/overlay'.
node_modules/@angular/material/bottom-sheet/typings/bottom-sheet.d.ts(2,31): error TS2307: Cannot find module '@angular/cdk/portal'.
node_modules/@angular/material/button/typings/button.d.ts(8,30): error TS2307: Cannot find module '@angular/cdk/a11y'.
node_modules/@angular/material/button/typings/button.d.ts(9,26): error TS2307: Cannot find module '@angular/cdk/platform'.
node_modules/@angular/material/button-toggle/typings/button-toggle.d.ts(8,30): error TS2307: Cannot find module '@angular/cdk/a11y'.
node_modules/@angular/material/checkbox/typings/checkbox.d.ts(8,30): error TS2307: Cannot find module '@angular/cdk/a11y'.
node_modules/@angular/material/chips/typings/chip.d.ts(8,33): error TS2307: Cannot find module '@angular/cdk/a11y'.
node_modules/@angular/material/chips/typings/chip.d.ts(9,26): error TS2307: Cannot find module '@angular/cdk/platform'.
node_modules/@angular/material/chips/typings/chip-list.d.ts(8,33): error TS2307: Cannot find module '@angular/cdk/a11y'.
node_modules/@angular/material/chips/typings/chip-list.d.ts(9,32): error TS2307: Cannot find module '@angular/cdk/bidi'.
node_modules/@angular/material/chips/typings/chip-list.d.ts(10,32): error TS2307: Cannot find module '@angular/cdk/collections'.
node_modules/@angular/material/datepicker/typings/month-view.d.ts(3,32): error TS2307: Cannot find module '@angular/cdk/bidi'.
node_modules/@angular/material/datepicker/typings/multi-year-view.d.ts(3,32): error TS2307: Cannot find module '@angular/cdk/bidi'.
node_modules/@angular/material/datepicker/typings/year-view.d.ts(3,32): error TS2307: Cannot find module '@angular/cdk/bidi'.
node_modules/@angular/material/datepicker/typings/calendar.d.ts(8,39): error TS2307: Cannot find module '@angular/cdk/portal'.
node_modules/@angular/material/dialog/typings/dialog-config.d.ts(9,27): error TS2307: Cannot find module '@angular/cdk/bidi'.
node_modules/@angular/material/dialog/typings/dialog-config.d.ts(10,32): error TS2307: Cannot find module '@angular/cdk/overlay'.
node_modules/@angular/material/dialog/typings/dialog-container.d.ts(10,84): error TS2307: Cannot find module '@angular/cdk/portal'.
node_modules/@angular/material/dialog/typings/dialog-container.d.ts(11,34): error TS2307: Cannot find module '@angular/cdk/a11y'.
node_modules/@angular/material/dialog/typings/dialog-ref.d.ts(1,28): error TS2307: Cannot find module '@angular/cdk/overlay'.
node_modules/@angular/material/dialog/typings/dialog.d.ts(1,59): error TS2307: Cannot find module '@angular/cdk/overlay'.
node_modules/@angular/material/dialog/typings/dialog.d.ts(2,31): error TS2307: Cannot find module '@angular/cdk/portal'.
node_modules/@angular/material/datepicker/typings/datepicker.d.ts(8,32): error TS2307: Cannot find module '@angular/cdk/bidi'.
node_modules/@angular/material/datepicker/typings/datepicker.d.ts(9,53): error TS2307: Cannot find module '@angular/cdk/overlay'.
node_modules/@angular/material/datepicker/typings/datepicker.d.ts(10,31): error TS2307: Cannot find module '@angular/cdk/portal'.
node_modules/@angular/material/expansion/typings/accordion.d.ts(1,30): error TS2307: Cannot find module '@angular/cdk/accordion'.
node_modules/@angular/material/expansion/typings/expansion-panel.d.ts(9,34): error TS2307: Cannot find module '@angular/cdk/accordion'.
node_modules/@angular/material/expansion/typings/expansion-panel.d.ts(10,43): error TS2307: Cannot find module '@angular/cdk/collections'.
node_modules/@angular/material/expansion/typings/expansion-panel.d.ts(11,32): error TS2307: Cannot find module '@angular/cdk/portal'.
node_modules/@angular/material/expansion/typings/expansion-panel-header.d.ts(8,30): error TS2307: Cannot find module '@angular/cdk/a11y'.
node_modules/@angular/material/grid-list/typings/grid-list.d.ts(10,32): error TS2307: Cannot find module '@angular/cdk/bidi'.
node_modules/@angular/material/input/typings/autosize.d.ts(8,37): error TS2307: Cannot find module '@angular/cdk/text-field'.
node_modules/@angular/material/input/typings/input.d.ts(1,26): error TS2307: Cannot find module '@angular/cdk/platform'.
node_modules/@angular/material/input/typings/input.d.ts(7,33): error TS2307: Cannot find module '@angular/cdk/text-field'.
node_modules/@angular/material/list/typings/selection-list.d.ts(8,50): error TS2307: Cannot find module '@angular/cdk/a11y'.
node_modules/@angular/material/list/typings/selection-list.d.ts(9,32): error TS2307: Cannot find module '@angular/cdk/collections'.
node_modules/@angular/material/menu/typings/menu-panel.d.ts(10,27): error TS2307: Cannot find module '@angular/cdk/bidi'.
node_modules/@angular/material/menu/typings/menu-panel.d.ts(11,29): error TS2307: Cannot find module '@angular/cdk/a11y'.
node_modules/@angular/material/menu/typings/menu-item.d.ts(8,60): error TS2307: Cannot find module '@angular/cdk/a11y'.
node_modules/@angular/material/menu/typings/menu-directive.d.ts(8,29): error TS2307: Cannot find module '@angular/cdk/a11y'.
node_modules/@angular/material/menu/typings/menu-directive.d.ts(9,27): error TS2307: Cannot find module '@angular/cdk/bidi'.
node_modules/@angular/material/menu/typings/menu-trigger.d.ts(8,43): error TS2307: Cannot find module '@angular/cdk/a11y'.
node_modules/@angular/material/menu/typings/menu-trigger.d.ts(9,43): error TS2307: Cannot find module '@angular/cdk/bidi'.
node_modules/@angular/material/menu/typings/menu-trigger.d.ts(10,41): error TS2307: Cannot find module '@angular/cdk/overlay'.
node_modules/@angular/material/progress-spinner/typings/progress-spinner.d.ts(10,26): error TS2307: Cannot find module '@angular/cdk/platform'.
node_modules/@angular/material/radio/typings/radio.d.ts(8,30): error TS2307: Cannot find module '@angular/cdk/a11y'.
node_modules/@angular/material/radio/typings/radio.d.ts(9,43): error TS2307: Cannot find module '@angular/cdk/collections'.
node_modules/@angular/material/select/typings/select.d.ts(8,44): error TS2307: Cannot find module '@angular/cdk/a11y'.
node_modules/@angular/material/select/typings/select.d.ts(9,32): error TS2307: Cannot find module '@angular/cdk/bidi'.
node_modules/@angular/material/select/typings/select.d.ts(10,32): error TS2307: Cannot find module '@angular/cdk/collections'.
node_modules/@angular/material/select/typings/select.d.ts(11,103): error TS2307: Cannot find module '@angular/cdk/overlay'.
node_modules/@angular/material/sidenav/typings/drawer.d.ts(9,61): error TS2307: Cannot find module '@angular/cdk/a11y'.
node_modules/@angular/material/sidenav/typings/drawer.d.ts(10,32): error TS2307: Cannot find module '@angular/cdk/bidi'.
node_modules/@angular/material/sidenav/typings/drawer.d.ts(11,26): error TS2307: Cannot find module '@angular/cdk/platform'.
node_modules/@angular/material/sidenav/typings/drawer.d.ts(12,31): error TS2307: Cannot find module '@angular/cdk/scrolling'.
node_modules/@angular/material/slide-toggle/typings/slide-toggle.d.ts(8,30): error TS2307: Cannot find module '@angular/cdk/a11y'.
node_modules/@angular/material/slide-toggle/typings/slide-toggle.d.ts(9,26): error TS2307: Cannot find module '@angular/cdk/platform'.
node_modules/@angular/material/slider/typings/slider.d.ts(8,30): error TS2307: Cannot find module '@angular/cdk/a11y'.
node_modules/@angular/material/slider/typings/slider.d.ts(9,32): error TS2307: Cannot find module '@angular/cdk/bidi'.
node_modules/@angular/material/snack-bar/typings/snack-bar-config.d.ts(9,36): error TS2307: Cannot find module '@angular/cdk/a11y'.
node_modules/@angular/material/snack-bar/typings/snack-bar-config.d.ts(10,27): error TS2307: Cannot find module '@angular/cdk/bidi'.
node_modules/@angular/material/snack-bar/typings/snack-bar-container.d.ts(9,84): error TS2307: Cannot find module '@angular/cdk/portal'.
node_modules/@angular/material/snack-bar/typings/snack-bar-ref.d.ts(8,28): error TS2307: Cannot find module '@angular/cdk/overlay'.
node_modules/@angular/material/snack-bar/typings/snack-bar.d.ts(8,31): error TS2307: Cannot find module '@angular/cdk/a11y'.
node_modules/@angular/material/snack-bar/typings/snack-bar.d.ts(9,36): error TS2307: Cannot find module '@angular/cdk/layout'.
node_modules/@angular/material/snack-bar/typings/snack-bar.d.ts(10,25): error TS2307: Cannot find module '@angular/cdk/overlay'.
node_modules/@angular/material/snack-bar/typings/snack-bar.d.ts(11,31): error TS2307: Cannot find module '@angular/cdk/portal'.
node_modules/@angular/material/sort/typings/sort-header.d.ts(1,30): error TS2307: Cannot find module '@angular/cdk/table'.
node_modules/@angular/material/stepper/typings/step-label.d.ts(9,30): error TS2307: Cannot find module '@angular/cdk/stepper'.
node_modules/@angular/material/stepper/typings/step-header.d.ts(8,30): error TS2307: Cannot find module '@angular/cdk/a11y'.
node_modules/@angular/material/stepper/typings/stepper.d.ts(8,32): error TS2307: Cannot find module '@angular/cdk/bidi'.
node_modules/@angular/material/stepper/typings/stepper.d.ts(9,37): error TS2307: Cannot find module '@angular/cdk/stepper'.
node_modules/@angular/material/stepper/typings/stepper-button.d.ts(1,52): error TS2307: Cannot find module '@angular/cdk/stepper'.
node_modules/@angular/material/table/typings/cell.d.ts(9,117): error TS2307: Cannot find module '@angular/cdk/table'.
node_modules/@angular/material/table/typings/table.d.ts(9,26): error TS2307: Cannot find module '@angular/cdk/table'.
node_modules/@angular/material/table/typings/table.d.ts(10,32): error TS2307: Cannot find module '@angular/cdk/bidi'.
node_modules/@angular/material/table/typings/row.d.ts(9,97): error TS2307: Cannot find module '@angular/cdk/table'.
node_modules/@angular/material/table/typings/table-data-source.d.ts(1,28): error TS2307: Cannot find module '@angular/cdk/table'.
node_modules/@angular/material/tabs/typings/tab-label.d.ts(9,27): error TS2307: Cannot find module '@angular/cdk/portal'.
node_modules/@angular/material/tabs/typings/tab.d.ts(8,32): error TS2307: Cannot find module '@angular/cdk/portal'.
node_modules/@angular/material/tabs/typings/tab-header.d.ts(8,43): error TS2307: Cannot find module '@angular/cdk/bidi'.
node_modules/@angular/material/tabs/typings/tab-header.d.ts(9,31): error TS2307: Cannot find module '@angular/cdk/scrolling'.
node_modules/@angular/material/tabs/typings/tab-body.d.ts(10,70): error TS2307: Cannot find module '@angular/cdk/portal'.
node_modules/@angular/material/tabs/typings/tab-body.d.ts(11,43): error TS2307: Cannot find module '@angular/cdk/bidi'.
node_modules/@angular/material/tabs/typings/tab-nav-bar/tab-nav-bar.d.ts(8,32): error TS2307: Cannot find module '@angular/cdk/bidi'.
node_modules/@angular/material/tabs/typings/tab-nav-bar/tab-nav-bar.d.ts(9,26): error TS2307: Cannot find module '@angular/cdk/platform'.
node_modules/@angular/material/tabs/typings/tab-nav-bar/tab-nav-bar.d.ts(10,31): error TS2307: Cannot find module '@angular/cdk/scrolling'.
node_modules/@angular/material/tabs/typings/tab-nav-bar/tab-nav-bar.d.ts(14,30): error TS2307: Cannot find module '@angular/cdk/a11y'.
node_modules/@angular/material/toolbar/typings/toolbar.d.ts(10,26): error TS2307: Cannot find module '@angular/cdk/platform'.
node_modules/@angular/material/tooltip/typings/tooltip.d.ts(9,45): error TS2307: Cannot find module '@angular/cdk/a11y'.
node_modules/@angular/material/tooltip/typings/tooltip.d.ts(10,32): error TS2307: Cannot find module '@angular/cdk/bidi'.
node_modules/@angular/material/tooltip/typings/tooltip.d.ts(11,53): error TS2307: Cannot find module '@angular/cdk/layout'.
node_modules/@angular/material/tooltip/typings/tooltip.d.ts(12,124): error TS2307: Cannot find module '@angular/cdk/overlay'.
node_modules/@angular/material/tooltip/typings/tooltip.d.ts(13,26): error TS2307: Cannot find module '@angular/cdk/platform'.
node_modules/@angular/material/tree/typings/outlet.d.ts(8,35): error TS2307: Cannot find module '@angular/cdk/tree'.
node_modules/@angular/material/tree/typings/node.d.ts(8,73): error TS2307: Cannot find module '@angular/cdk/tree'.
node_modules/@angular/material/tree/typings/node.d.ts(17,22): error TS2420: Class 'MatTreeNode<T>' incorrectly implements interface 'CanDisable'.
  Property 'disabled' is missing in type 'MatTreeNode<T>'.
node_modules/@angular/material/tree/typings/node.d.ts(17,22): error TS2420: Class 'MatTreeNode<T>' incorrectly implements interface 'HasTabIndex'.
  Property 'tabIndex' is missing in type 'MatTreeNode<T>'.
node_modules/@angular/material/tree/typings/node.d.ts(32,22): error TS2420: Class 'MatNestedTreeNode<T>' incorrectly implements interface 'CanDisable'.
  Property 'disabled' is missing in type 'MatNestedTreeNode<T>'.
node_modules/@angular/material/tree/typings/node.d.ts(32,22): error TS2420: Class 'MatNestedTreeNode<T>' incorrectly implements interface 'HasTabIndex'.
  Property 'tabIndex' is missing in type 'MatNestedTreeNode<T>'.
node_modules/@angular/material/tree/typings/padding.d.ts(8,36): error TS2307: Cannot find module '@angular/cdk/tree'.
node_modules/@angular/material/tree/typings/tree.d.ts(1,25): error TS2307: Cannot find module '@angular/cdk/tree'.
node_modules/@angular/material/tree/typings/toggle.d.ts(1,35): error TS2307: Cannot find module '@angular/cdk/tree'.
node_modules/@angular/material/tree/typings/data-source/flat-data-source.d.ts(8,46): error TS2307: Cannot find module '@angular/cdk/collections'.
node_modules/@angular/material/tree/typings/data-source/flat-data-source.d.ts(9,46): error TS2307: Cannot find module '@angular/cdk/tree'.
node_modules/@angular/material/tree/typings/data-source/nested-data-source.d.ts(8,46): error TS2307: Cannot find module '@angular/cdk/collections'.
node_modules/@angular/flex-layout/flex/typings/flex-offset/flex-offset.d.ts(9,32): error TS2307: Cannot find module '@angular/cdk/bidi'.
node_modules/@angular/flex-layout/flex/typings/layout-gap/layout-gap.d.ts(9,32): error TS2307: Cannot find module '@angular/cdk/bidi'.
@angular/flex-layout/flex/typings/index.ts(40,25): Error during template compile of 'FlexModule'
  Could not resolve @angular/cdk/bidi relative to /home/jose/work/sira.es/sira-ng2-components/lib-twa-md-dialogs/node_modules/@angular/flex-layout/flex/typings/index.d.ts..
@angular/material/dialog/typings/index.ts(27,5): Error during template compile of 'MatDialogModule'
  Could not resolve @angular/cdk/overlay relative to /home/jose/work/sira.es/sira-ng2-components/lib-twa-md-dialogs/node_modules/@angular/material/dialog/typings/index.d.ts..
@angular/material/dialog/typings/index.ts(28,5): Error during template compile of 'MatDialogModule'
  Could not resolve @angular/cdk/portal relative to /home/jose/work/sira.es/sira-ng2-components/lib-twa-md-dialogs/node_modules/@angular/material/dialog/typings/index.d.ts..
@angular/material/dialog/typings/index.ts(60,10): Error during template compile of 'MAT_DIALOG_SCROLL_STRATEGY_PROVIDER'
  Could not resolve @angular/cdk/overlay relative to /home/jose/work/sira.es/sira-ng2-components/lib-twa-md-dialogs/node_modules/@angular/material/dialog/typings/index.d.ts..
@angular/material/core/typings/index.ts(31,13): Error during template compile of 'MatCommonModule'
  Could not resolve @angular/cdk/bidi relative to /home/jose/work/sira.es/sira-ng2-components/lib-twa-md-dialogs/node_modules/@angular/material/core/typings/index.d.ts..
@angular/material/core/typings/index.ts(32,13): Error during template compile of 'MatCommonModule'
  Could not resolve @angular/cdk/bidi relative to /home/jose/work/sira.es/sira-ng2-components/lib-twa-md-dialogs/node_modules/@angular/material/core/typings/index.d.ts..
: Can't resolve all parameters for MatDialog in /home/jose/work/sira.es/sira-ng2-components/lib-twa-md-dialogs/node_modules/@angular/material/dialog/typings/index.d.ts: (?, [object Object], [object Object], [object Object], [object Object], [object Object], ?).
@angular/material/dialog/typings/index.ts(75,14): Error during template compile of 'MatDialogContainer'
  Could not resolve @angular/cdk/portal relative to /home/jose/work/sira.es/sira-ng2-components/lib-twa-md-dialogs/node_modules/@angular/material/dialog/typings/index.d.ts..
: Can't construct a query for the property "_portalOutlet" of "MatDialogContainer in /home/jose/work/sira.es/sira-ng2-components/lib-twa-md-dialogs/node_modules/@angular/material/dialog/typings/index.d.ts" since the query selector wasn't defined.
: Can't resolve all parameters for MatDialogContainer in /home/jose/work/sira.es/sira-ng2-components/lib-twa-md-dialogs/node_modules/@angular/material/dialog/typings/index.d.ts: ([object Object], ?, [object Object], [object Object], [object Object]).
@angular/material/core/typings/index.ts(19,30): Error during template compile of 'MatRippleModule'
  Could not resolve @angular/cdk/platform relative to /home/jose/work/sira.es/sira-ng2-components/lib-twa-md-dialogs/node_modules/@angular/material/core/typings/index.d.ts..
@angular/material/input/typings/index.ts(22,5): Error during template compile of 'MatInputModule'
  Could not resolve @angular/cdk/text-field relative to /home/jose/work/sira.es/sira-ng2-components/lib-twa-md-dialogs/node_modules/@angular/material/input/typings/index.d.ts..
@angular/material/input/typings/index.ts(26,5): Error during template compile of 'MatInputModule'
  Could not resolve @angular/cdk/text-field relative to /home/jose/work/sira.es/sira-ng2-components/lib-twa-md-dialogs/node_modules/@angular/material/input/typings/index.d.ts..
@angular/material/checkbox/typings/index.ts(18,61): Error during template compile of 'MatCheckboxModule'
  Could not resolve @angular/cdk/observers relative to /home/jose/work/sira.es/sira-ng2-components/lib-twa-md-dialogs/node_modules/@angular/material/checkbox/typings/index.d.ts..
@angular/material/select/typings/index.ts(20,5): Error during template compile of 'MatSelectModule'
  Could not resolve @angular/cdk/overlay relative to /home/jose/work/sira.es/sira-ng2-components/lib-twa-md-dialogs/node_modules/@angular/material/select/typings/index.d.ts..
@angular/material/select/typings/index.ts(145,10): Error during template compile of 'MAT_SELECT_SCROLL_STRATEGY_PROVIDER'
  Could not resolve @angular/cdk/overlay relative to /home/jose/work/sira.es/sira-ng2-components/lib-twa-md-dialogs/node_modules/@angular/material/select/typings/index.d.ts..
@angular/material/datepicker/typings/index.ts(36,5): Error during template compile of 'MatDatepickerModule'
  Could not resolve @angular/cdk/overlay relative to /home/jose/work/sira.es/sira-ng2-components/lib-twa-md-dialogs/node_modules/@angular/material/datepicker/typings/index.d.ts..
@angular/material/datepicker/typings/index.ts(37,5): Error during template compile of 'MatDatepickerModule'
  Could not resolve @angular/cdk/a11y relative to /home/jose/work/sira.es/sira-ng2-components/lib-twa-md-dialogs/node_modules/@angular/material/datepicker/typings/index.d.ts..
@angular/material/datepicker/typings/index.ts(38,5): Error during template compile of 'MatDatepickerModule'
  Could not resolve @angular/cdk/portal relative to /home/jose/work/sira.es/sira-ng2-components/lib-twa-md-dialogs/node_modules/@angular/material/datepicker/typings/index.d.ts..
@angular/material/datepicker/typings/index.ts(63,10): Error during template compile of 'MAT_DATEPICKER_SCROLL_STRATEGY_FACTORY_PROVIDER'
  Could not resolve @angular/cdk/overlay relative to /home/jose/work/sira.es/sira-ng2-components/lib-twa-md-dialogs/node_modules/@angular/material/datepicker/typings/index.d.ts..
@angular/material/core/typings/index.ts(23,13): Error during template compile of 'NativeDateModule'
  Could not resolve @angular/cdk/platform relative to /home/jose/work/sira.es/sira-ng2-components/lib-twa-md-dialogs/node_modules/@angular/material/core/typings/index.d.ts..
: Can't resolve all parameters for NativeDateAdapter in /home/jose/work/sira.es/sira-ng2-components/lib-twa-md-dialogs/node_modules/@angular/material/core/typings/index.d.ts: ([object Object], ?).
@angular/material/autocomplete/typings/index.ts(21,30): Error during template compile of 'MatAutocompleteModule'
  Could not resolve @angular/cdk/overlay relative to /home/jose/work/sira.es/sira-ng2-components/lib-twa-md-dialogs/node_modules/@angular/material/autocomplete/typings/index.d.ts..
@angular/material/autocomplete/typings/index.ts(74,10): Error during template compile of 'MAT_AUTOCOMPLETE_SCROLL_STRATEGY_FACTORY_PROVIDER'
  Could not resolve @angular/cdk/overlay relative to /home/jose/work/sira.es/sira-ng2-components/lib-twa-md-dialogs/node_modules/@angular/material/autocomplete/typings/index.d.ts..
@angular/material/badge/typings/index.ts(17,5): Error during template compile of 'MatBadgeModule'
  Could not resolve @angular/cdk/a11y relative to /home/jose/work/sira.es/sira-ng2-components/lib-twa-md-dialogs/node_modules/@angular/material/badge/typings/index.d.ts..
@angular/material/bottom-sheet/typings/index.ts(20,5): Error during template compile of 'MatBottomSheetModule'
  Could not resolve @angular/cdk/overlay relative to /home/jose/work/sira.es/sira-ng2-components/lib-twa-md-dialogs/node_modules/@angular/material/bottom-sheet/typings/index.d.ts..
@angular/material/bottom-sheet/typings/index.ts(22,5): Error during template compile of 'MatBottomSheetModule'
  Could not resolve @angular/cdk/portal relative to /home/jose/work/sira.es/sira-ng2-components/lib-twa-md-dialogs/node_modules/@angular/material/bottom-sheet/typings/index.d.ts..
@angular/material/bottom-sheet/typings/index.ts(66,14): Error during template compile of 'MatBottomSheetContainer'
  Could not resolve @angular/cdk/portal relative to /home/jose/work/sira.es/sira-ng2-components/lib-twa-md-dialogs/node_modules/@angular/material/bottom-sheet/typings/index.d.ts..
: Can't construct a query for the property "_portalOutlet" of "MatBottomSheetContainer in /home/jose/work/sira.es/sira-ng2-components/lib-twa-md-dialogs/node_modules/@angular/material/bottom-sheet/typings/index.d.ts" since the query selector wasn't defined.
: Can't resolve all parameters for MatBottomSheetContainer in /home/jose/work/sira.es/sira-ng2-components/lib-twa-md-dialogs/node_modules/@angular/material/bottom-sheet/typings/index.d.ts: ([object Object], [object Object], ?, ?, [object Object], [object Object]).
@angular/material/chips/typings/index.ts(34,29): Error during template compile of 'MatChipsModule'
  Could not resolve @angular/cdk/keycodes relative to /home/jose/work/sira.es/sira-ng2-components/lib-twa-md-dialogs/node_modules/@angular/material/chips/typings/index.d.ts..
@angular/material/expansion/typings/index.ts(24,27): Error during template compile of 'MatExpansionModule'
  Could not resolve @angular/cdk/accordion relative to /home/jose/work/sira.es/sira-ng2-components/lib-twa-md-dialogs/node_modules/@angular/material/expansion/typings/index.d.ts..
@angular/material/expansion/typings/index.ts(24,47): Error during template compile of 'MatExpansionModule'
  Could not resolve @angular/cdk/portal relative to /home/jose/work/sira.es/sira-ng2-components/lib-twa-md-dialogs/node_modules/@angular/material/expansion/typings/index.d.ts..
@angular/material/menu/typings/index.ts(27,5): Error during template compile of 'MatMenuModule'
  Could not resolve @angular/cdk/overlay relative to /home/jose/work/sira.es/sira-ng2-components/lib-twa-md-dialogs/node_modules/@angular/material/menu/typings/index.d.ts..
@angular/material/menu/typings/index.ts(56,10): Error during template compile of 'ɵe24'
  Could not resolve @angular/cdk/overlay relative to /home/jose/work/sira.es/sira-ng2-components/lib-twa-md-dialogs/node_modules/@angular/material/menu/typings/index.d.ts..
@angular/material/tooltip/typings/index.ts(22,5): Error during template compile of 'MatTooltipModule'
  Could not resolve @angular/cdk/a11y relative to /home/jose/work/sira.es/sira-ng2-components/lib-twa-md-dialogs/node_modules/@angular/material/tooltip/typings/index.d.ts..
@angular/material/tooltip/typings/index.ts(24,5): Error during template compile of 'MatTooltipModule'
  Could not resolve @angular/cdk/overlay relative to /home/jose/work/sira.es/sira-ng2-components/lib-twa-md-dialogs/node_modules/@angular/material/tooltip/typings/index.d.ts..
@angular/material/tooltip/typings/index.ts(72,10): Error during template compile of 'MAT_TOOLTIP_SCROLL_STRATEGY_FACTORY_PROVIDER'
  Could not resolve @angular/cdk/overlay relative to /home/jose/work/sira.es/sira-ng2-components/lib-twa-md-dialogs/node_modules/@angular/material/tooltip/typings/index.d.ts..
: Can't resolve all parameters for TooltipComponent in /home/jose/work/sira.es/sira-ng2-components/lib-twa-md-dialogs/node_modules/@angular/material/tooltip/typings/index.d.ts: ([object Object], ?).
@angular/material/sidenav/typings/index.ts(21,5): Error during template compile of 'MatSidenavModule'
  Could not resolve @angular/cdk/scrolling relative to /home/jose/work/sira.es/sira-ng2-components/lib-twa-md-dialogs/node_modules/@angular/material/sidenav/typings/index.d.ts..
@angular/material/sidenav/typings/index.ts(22,5): Error during template compile of 'MatSidenavModule'
  Could not resolve @angular/cdk/platform relative to /home/jose/work/sira.es/sira-ng2-components/lib-twa-md-dialogs/node_modules/@angular/material/sidenav/typings/index.d.ts..
@angular/material/slide-toggle/typings/index.ts(17,47): Error during template compile of 'MatSlideToggleModule'
  Could not resolve @angular/cdk/observers relative to /home/jose/work/sira.es/sira-ng2-components/lib-twa-md-dialogs/node_modules/@angular/material/slide-toggle/typings/index.d.ts..
@angular/material/snack-bar/typings/index.ts(21,5): Error during template compile of 'MatSnackBarModule'
  Could not resolve @angular/cdk/overlay relative to /home/jose/work/sira.es/sira-ng2-components/lib-twa-md-dialogs/node_modules/@angular/material/snack-bar/typings/index.d.ts..
@angular/material/snack-bar/typings/index.ts(22,5): Error during template compile of 'MatSnackBarModule'
  Could not resolve @angular/cdk/portal relative to /home/jose/work/sira.es/sira-ng2-components/lib-twa-md-dialogs/node_modules/@angular/material/snack-bar/typings/index.d.ts..
@angular/material/snack-bar/typings/index.ts(58,14): Error during template compile of 'MatSnackBarContainer'
  Could not resolve @angular/cdk/portal relative to /home/jose/work/sira.es/sira-ng2-components/lib-twa-md-dialogs/node_modules/@angular/material/snack-bar/typings/index.d.ts..
: Can't construct a query for the property "_portalOutlet" of "MatSnackBarContainer in /home/jose/work/sira.es/sira-ng2-components/lib-twa-md-dialogs/node_modules/@angular/material/snack-bar/typings/index.d.ts" since the query selector wasn't defined.
@angular/material/stepper/typings/index.ts(28,5): Error during template compile of 'MatStepperModule'
  Could not resolve @angular/cdk/portal relative to /home/jose/work/sira.es/sira-ng2-components/lib-twa-md-dialogs/node_modules/@angular/material/stepper/typings/index.d.ts..
@angular/material/stepper/typings/index.ts(30,5): Error during template compile of 'MatStepperModule'
  Could not resolve @angular/cdk/stepper relative to /home/jose/work/sira.es/sira-ng2-components/lib-twa-md-dialogs/node_modules/@angular/material/stepper/typings/index.d.ts..
@angular/material/stepper/typings/index.ts(21,25): Error during template compile of 'MatStepperNext'
  Could not resolve @angular/cdk/stepper relative to /home/jose/work/sira.es/sira-ng2-components/lib-twa-md-dialogs/node_modules/@angular/material/stepper/typings/index.d.ts..
@angular/material/stepper/typings/index.ts(33,25): Error during template compile of 'MatStepperPrevious'
  Could not resolve @angular/cdk/stepper relative to /home/jose/work/sira.es/sira-ng2-components/lib-twa-md-dialogs/node_modules/@angular/material/stepper/typings/index.d.ts..
@angular/material/table/typings/index.ts(57,13): Error during template compile of 'MatTableModule'
  Could not resolve @angular/cdk/table relative to /home/jose/work/sira.es/sira-ng2-components/lib-twa-md-dialogs/node_modules/@angular/material/table/typings/index.d.ts..
@angular/material/table/typings/index.ts(29,13): Error during template compile of 'MatTable'
  Could not resolve @angular/cdk/table relative to /home/jose/work/sira.es/sira-ng2-components/lib-twa-md-dialogs/node_modules/@angular/material/table/typings/index.d.ts..
@angular/material/table/typings/index.ts(39,25): Error during template compile of 'MatHeaderCellDef'
  Could not resolve @angular/cdk/table relative to /home/jose/work/sira.es/sira-ng2-components/lib-twa-md-dialogs/node_modules/@angular/material/table/typings/index.d.ts..
@angular/material/table/typings/index.ts(30,25): Error during template compile of 'MatHeaderRowDef'
  Could not resolve @angular/cdk/table relative to /home/jose/work/sira.es/sira-ng2-components/lib-twa-md-dialogs/node_modules/@angular/material/table/typings/index.d.ts..
@angular/material/table/typings/index.ts(69,25): Error during template compile of 'MatColumnDef'
  Could not resolve @angular/cdk/table relative to /home/jose/work/sira.es/sira-ng2-components/lib-twa-md-dialogs/node_modules/@angular/material/table/typings/index.d.ts..
@angular/material/table/typings/index.ts(24,25): Error during template compile of 'MatCellDef'
  Could not resolve @angular/cdk/table relative to /home/jose/work/sira.es/sira-ng2-components/lib-twa-md-dialogs/node_modules/@angular/material/table/typings/index.d.ts..
@angular/material/table/typings/index.ts(63,25): Error during template compile of 'MatRowDef'
  Could not resolve @angular/cdk/table relative to /home/jose/work/sira.es/sira-ng2-components/lib-twa-md-dialogs/node_modules/@angular/material/table/typings/index.d.ts..
@angular/material/table/typings/index.ts(54,25): Error during template compile of 'MatFooterCellDef'
  Could not resolve @angular/cdk/table relative to /home/jose/work/sira.es/sira-ng2-components/lib-twa-md-dialogs/node_modules/@angular/material/table/typings/index.d.ts..
@angular/material/table/typings/index.ts(46,25): Error during template compile of 'MatFooterRowDef'
  Could not resolve @angular/cdk/table relative to /home/jose/work/sira.es/sira-ng2-components/lib-twa-md-dialogs/node_modules/@angular/material/table/typings/index.d.ts..
@angular/material/table/typings/index.ts(77,13): Error during template compile of 'MatHeaderRow'
  Could not resolve @angular/cdk/table relative to /home/jose/work/sira.es/sira-ng2-components/lib-twa-md-dialogs/node_modules/@angular/material/table/typings/index.d.ts..
@angular/material/table/typings/index.ts(85,25): Error during template compile of 'MatHeaderRow'
  Could not resolve @angular/cdk/table relative to /home/jose/work/sira.es/sira-ng2-components/lib-twa-md-dialogs/node_modules/@angular/material/table/typings/index.d.ts..
@angular/material/table/typings/index.ts(109,13): Error during template compile of 'MatRow'
  Could not resolve @angular/cdk/table relative to /home/jose/work/sira.es/sira-ng2-components/lib-twa-md-dialogs/node_modules/@angular/material/table/typings/index.d.ts..
@angular/material/table/typings/index.ts(117,25): Error during template compile of 'MatRow'
  Could not resolve @angular/cdk/table relative to /home/jose/work/sira.es/sira-ng2-components/lib-twa-md-dialogs/node_modules/@angular/material/table/typings/index.d.ts..
@angular/material/table/typings/index.ts(93,13): Error during template compile of 'MatFooterRow'
  Could not resolve @angular/cdk/table relative to /home/jose/work/sira.es/sira-ng2-components/lib-twa-md-dialogs/node_modules/@angular/material/table/typings/index.d.ts..
@angular/material/table/typings/index.ts(101,25): Error during template compile of 'MatFooterRow'
  Could not resolve @angular/cdk/table relative to /home/jose/work/sira.es/sira-ng2-components/lib-twa-md-dialogs/node_modules/@angular/material/table/typings/index.d.ts..
@angular/material/tabs/typings/index.ts(30,5): Error during template compile of 'MatTabsModule'
  Could not resolve @angular/cdk/portal relative to /home/jose/work/sira.es/sira-ng2-components/lib-twa-md-dialogs/node_modules/@angular/material/tabs/typings/index.d.ts..
@angular/material/tabs/typings/index.ts(32,5): Error during template compile of 'MatTabsModule'
  Could not resolve @angular/cdk/observers relative to /home/jose/work/sira.es/sira-ng2-components/lib-twa-md-dialogs/node_modules/@angular/material/tabs/typings/index.d.ts..
@angular/material/tabs/typings/index.ts(33,5): Error during template compile of 'MatTabsModule'
  Could not resolve @angular/cdk/a11y relative to /home/jose/work/sira.es/sira-ng2-components/lib-twa-md-dialogs/node_modules/@angular/material/tabs/typings/index.d.ts..
@angular/material/tree/typings/index.ts(46,25): Error during template compile of 'MatTreeNode'
  Could not resolve @angular/cdk/tree relative to /home/jose/work/sira.es/sira-ng2-components/lib-twa-md-dialogs/node_modules/@angular/material/tree/typings/index.d.ts..
@angular/material/tree/typings/index.ts(69,25): Error during template compile of 'MatTreeNodeDef'
  Could not resolve @angular/cdk/tree relative to /home/jose/work/sira.es/sira-ng2-components/lib-twa-md-dialogs/node_modules/@angular/material/tree/typings/index.d.ts..
@angular/material/tree/typings/index.ts(88,15): Error during template compile of 'MatNestedTreeNode'
  Could not resolve @angular/cdk/tree relative to /home/jose/work/sira.es/sira-ng2-components/lib-twa-md-dialogs/node_modules/@angular/material/tree/typings/index.d.ts..
@angular/material/tree/typings/index.ts(89,15): Error during template compile of 'MatNestedTreeNode'
  Could not resolve @angular/cdk/tree relative to /home/jose/work/sira.es/sira-ng2-components/lib-twa-md-dialogs/node_modules/@angular/material/tree/typings/index.d.ts..
@angular/material/tree/typings/index.ts(17,25): Error during template compile of 'MatTreeNodePadding'
  Could not resolve @angular/cdk/tree relative to /home/jose/work/sira.es/sira-ng2-components/lib-twa-md-dialogs/node_modules/@angular/material/tree/typings/index.d.ts..
@angular/material/tree/typings/index.ts(28,25): Error during template compile of 'MatTree'
  Could not resolve @angular/cdk/tree relative to /home/jose/work/sira.es/sira-ng2-components/lib-twa-md-dialogs/node_modules/@angular/material/tree/typings/index.d.ts..
@angular/material/tree/typings/index.ts(31,13): Error during template compile of 'MatTreeModule'
  Could not resolve @angular/cdk/tree relative to /home/jose/work/sira.es/sira-ng2-components/lib-twa-md-dialogs/node_modules/@angular/material/tree/typings/index.d.ts..
@angular/material/tree/typings/index.ts(20,25): Error during template compile of 'MatTreeNodeToggle'
  Could not resolve @angular/cdk/tree relative to /home/jose/work/sira.es/sira-ng2-components/lib-twa-md-dialogs/node_modules/@angular/material/tree/typings/index.d.ts..
: Can't resolve all parameters for MatRipple in /home/jose/work/sira.es/sira-ng2-components/lib-twa-md-dialogs/node_modules/@angular/material/core/typings/index.d.ts: ([object Object], [object Object], ?, [object Object], [object Object]).
: Can't resolve all parameters for MatFormField in /home/jose/work/sira.es/sira-ng2-components/lib-twa-md-dialogs/node_modules/@angular/material/form-field/typings/index.d.ts: ([object Object], [object Object], [object Object], ?, [object Object], ?, [object Object], [object Object]).
: Can't resolve all parameters for MatAutocompleteTrigger in /home/jose/work/sira.es/sira-ng2-components/lib-twa-md-dialogs/node_modules/@angular/material/autocomplete/typings/index.d.ts: ([object Object], ?, [object Object], [object Object], [object Object], [object Object], ?, [object Object], [object Object], ?).
: Can't resolve all parameters for MatBadge in /home/jose/work/sira.es/sira-ng2-components/lib-twa-md-dialogs/node_modules/@angular/material/badge/typings/index.d.ts: ([object Object], [object Object], [object Object], ?).
: Can't resolve all parameters for MatButton in /home/jose/work/sira.es/sira-ng2-components/lib-twa-md-dialogs/node_modules/@angular/material/button/typings/index.d.ts: ([object Object], ?, ?, [object Object]).
: Can't resolve all parameters for MatAnchor in /home/jose/work/sira.es/sira-ng2-components/lib-twa-md-dialogs/node_modules/@angular/material/button/typings/index.d.ts: (?, ?, [object Object], [object Object]).
: Can't resolve all parameters for MatButtonToggle in /home/jose/work/sira.es/sira-ng2-components/lib-twa-md-dialogs/node_modules/@angular/material/button-toggle/typings/index.d.ts: ([object Object], [object Object], [object Object], ?).
: Can't resolve all parameters for MatCheckbox in /home/jose/work/sira.es/sira-ng2-components/lib-twa-md-dialogs/node_modules/@angular/material/checkbox/typings/index.d.ts: ([object Object], [object Object], ?, [object Object], [object Object], [object Object], [object Object]).
: Can't resolve all parameters for MatChipList in /home/jose/work/sira.es/sira-ng2-components/lib-twa-md-dialogs/node_modules/@angular/material/chips/typings/index.d.ts: ([object Object], [object Object], ?, [object Object], [object Object], [object Object], [object Object]).
: Can't resolve all parameters for MatChip in /home/jose/work/sira.es/sira-ng2-components/lib-twa-md-dialogs/node_modules/@angular/material/chips/typings/index.d.ts: ([object Object], [object Object], ?, [object Object]).
: Can't resolve all parameters for MatDatepicker in /home/jose/work/sira.es/sira-ng2-components/lib-twa-md-dialogs/node_modules/@angular/material/datepicker/typings/index.d.ts: ([object Object], ?, [object Object], [object Object], [object Object], [object Object], ?, [object Object]).
: Can't resolve all parameters for MatMonthView in /home/jose/work/sira.es/sira-ng2-components/lib-twa-md-dialogs/node_modules/@angular/material/datepicker/typings/index.d.ts: ([object Object], [object Object], [object Object], ?).
: Can't resolve all parameters for MatYearView in /home/jose/work/sira.es/sira-ng2-components/lib-twa-md-dialogs/node_modules/@angular/material/datepicker/typings/index.d.ts: ([object Object], [object Object], [object Object], ?).
: Can't resolve all parameters for ɵa34 in /home/jose/work/sira.es/sira-ng2-components/lib-twa-md-dialogs/node_modules/@angular/material/datepicker/typings/index.d.ts: ([object Object], [object Object], ?).
: Can't resolve all parameters for MatExpansionPanel in /home/jose/work/sira.es/sira-ng2-components/lib-twa-md-dialogs/node_modules/@angular/material/expansion/typings/index.d.ts: ([object Object], [object Object], ?, [object Object]).
: Can't resolve all parameters for MatExpansionPanelHeader in /home/jose/work/sira.es/sira-ng2-components/lib-twa-md-dialogs/node_modules/@angular/material/expansion/typings/index.d.ts: ([object Object], [object Object], ?, [object Object]).
: Can't resolve all parameters for MatGridList in /home/jose/work/sira.es/sira-ng2-components/lib-twa-md-dialogs/node_modules/@angular/material/grid-list/typings/index.d.ts: ([object Object], ?).
: Can't resolve all parameters for MatInput in /home/jose/work/sira.es/sira-ng2-components/lib-twa-md-dialogs/node_modules/@angular/material/input/typings/index.d.ts: ([object Object], ?, [object Object], [object Object], [object Object], [object Object], [object Object], ?, [object Object]).
: Can't resolve all parameters for MatMenuItem in /home/jose/work/sira.es/sira-ng2-components/lib-twa-md-dialogs/node_modules/@angular/material/menu/typings/index.d.ts: ([object Object], [object Object], ?, [object Object]).
: Can't resolve all parameters for MatMenuTrigger in /home/jose/work/sira.es/sira-ng2-components/lib-twa-md-dialogs/node_modules/@angular/material/menu/typings/index.d.ts: (?, [object Object], [object Object], [object Object], [object Object], [object Object], ?, ?).
: Can't resolve all parameters for MatProgressSpinner in /home/jose/work/sira.es/sira-ng2-components/lib-twa-md-dialogs/node_modules/@angular/material/progress-spinner/typings/index.d.ts: ([object Object], ?, [object Object], [object Object], [object Object]).
: Can't resolve all parameters for MatSpinner in /home/jose/work/sira.es/sira-ng2-components/lib-twa-md-dialogs/node_modules/@angular/material/progress-spinner/typings/index.d.ts: ([object Object], ?, [object Object], [object Object], [object Object]).
: Can't resolve all parameters for MatRadioButton in /home/jose/work/sira.es/sira-ng2-components/lib-twa-md-dialogs/node_modules/@angular/material/radio/typings/index.d.ts: ([object Object], [object Object], [object Object], ?, ?, [object Object]).
@angular/material/select/typings/index.ts(336,14): Error during template compile of 'MatSelect'
  Could not resolve @angular/cdk/overlay relative to /home/jose/work/sira.es/sira-ng2-components/lib-twa-md-dialogs/node_modules/@angular/material/select/typings/index.d.ts..
: Can't construct a query for the property "overlayDir" of "MatSelect in /home/jose/work/sira.es/sira-ng2-components/lib-twa-md-dialogs/node_modules/@angular/material/select/typings/index.d.ts" since the query selector wasn't defined.
: Can't resolve all parameters for MatSelect in /home/jose/work/sira.es/sira-ng2-components/lib-twa-md-dialogs/node_modules/@angular/material/select/typings/index.d.ts: (?, [object Object], [object Object], [object Object], [object Object], ?, [object Object], [object Object], [object Object], [object Object], [object Object], [object Object]).
: Can't resolve all parameters for MatDrawer in /home/jose/work/sira.es/sira-ng2-components/lib-twa-md-dialogs/node_modules/@angular/material/sidenav/typings/index.d.ts: ([object Object], ?, ?, ?, [object Object], [object Object]).
@angular/material/sidenav/typings/index.ts(474,14): Error during template compile of 'MatDrawerContainer'
  Could not resolve @angular/cdk/scrolling relative to /home/jose/work/sira.es/sira-ng2-components/lib-twa-md-dialogs/node_modules/@angular/material/sidenav/typings/index.d.ts..
: Can't construct a query for the property "scrollable" of "MatDrawerContainer in /home/jose/work/sira.es/sira-ng2-components/lib-twa-md-dialogs/node_modules/@angular/material/sidenav/typings/index.d.ts" since the query selector wasn't defined.
: Can't resolve all parameters for MatDrawerContainer in /home/jose/work/sira.es/sira-ng2-components/lib-twa-md-dialogs/node_modules/@angular/material/sidenav/typings/index.d.ts: (?, [object Object], [object Object], [object Object], [object Object], [object Object]).
: Can't resolve all parameters for MatSidenav in /home/jose/work/sira.es/sira-ng2-components/lib-twa-md-dialogs/node_modules/@angular/material/sidenav/typings/index.d.ts: ([object Object], ?, ?, ?, [object Object], [object Object]).
: Can't construct a query for the property "scrollable" of "MatSidenavContainer in /home/jose/work/sira.es/sira-ng2-components/lib-twa-md-dialogs/node_modules/@angular/material/sidenav/typings/index.d.ts" since the query selector wasn't defined.
: Can't resolve all parameters for MatSidenavContainer in /home/jose/work/sira.es/sira-ng2-components/lib-twa-md-dialogs/node_modules/@angular/material/sidenav/typings/index.d.ts: (?, [object Object], [object Object], [object Object], [object Object], [object Object]).
: Can't resolve all parameters for MatSlideToggle in /home/jose/work/sira.es/sira-ng2-components/lib-twa-md-dialogs/node_modules/@angular/material/slide-toggle/typings/index.d.ts: ([object Object], ?, ?, [object Object], [object Object], [object Object], [object Object], [object Object]).
: Can't resolve all parameters for MatSlider in /home/jose/work/sira.es/sira-ng2-components/lib-twa-md-dialogs/node_modules/@angular/material/slider/typings/index.d.ts: ([object Object], ?, [object Object], ?, [object Object], [object Object]).
: Can't resolve all parameters for MatSortHeader in /home/jose/work/sira.es/sira-ng2-components/lib-twa-md-dialogs/node_modules/@angular/material/sort/typings/index.d.ts: ([object Object], [object Object], [object Object], ?).
: Can't resolve all parameters for MatVerticalStepper in /home/jose/work/sira.es/sira-ng2-components/lib-twa-md-dialogs/node_modules/@angular/material/stepper/typings/index.d.ts: (?, [object Object]).
: Invalid providers for "MatStepperNext in /home/jose/work/sira.es/sira-ng2-components/lib-twa-md-dialogs/node_modules/@angular/material/stepper/typings/index.d.ts" - only instances of Provider and Type are allowed, got: [?[object Object]?]
: Invalid providers for "MatStepperPrevious in /home/jose/work/sira.es/sira-ng2-components/lib-twa-md-dialogs/node_modules/@angular/material/stepper/typings/index.d.ts" - only instances of Provider and Type are allowed, got: [?[object Object]?]
: Can't resolve all parameters for MatStepHeader in /home/jose/work/sira.es/sira-ng2-components/lib-twa-md-dialogs/node_modules/@angular/material/stepper/typings/index.d.ts: ([object Object], ?, [object Object], [object Object]).
: Can't resolve all parameters for MatTable in /home/jose/work/sira.es/sira-ng2-components/lib-twa-md-dialogs/node_modules/@angular/material/table/typings/index.d.ts: ([object Object], [object Object], [object Object], [object Object], ?).
: No template specified for component MatTable

    at Object.<anonymous> (/home/jose/work/sira.es/sira-ng2-components/lib-twa-md-dialogs/node_modules/ng-packagr/lib/ngc/compile-source-files.js:53:68)
    at Generator.next (<anonymous>)
    at /home/jose/work/sira.es/sira-ng2-components/lib-twa-md-dialogs/node_modules/ng-packagr/lib/ngc/compile-source-files.js:7:71
    at new Promise (<anonymous>)
    at __awaiter (/home/jose/work/sira.es/sira-ng2-components/lib-twa-md-dialogs/node_modules/ng-packagr/lib/ngc/compile-source-files.js:3:12)
    at Object.compileSourceFiles (/home/jose/work/sira.es/sira-ng2-components/lib-twa-md-dialogs/node_modules/ng-packagr/lib/ngc/compile-source-files.js:19:12)
    at Object.<anonymous> (/home/jose/work/sira.es/sira-ng2-components/lib-twa-md-dialogs/node_modules/ng-packagr/lib/ng-v5/entry-point/ts/compile-ngc.transform.js:26:32)
    at Generator.next (<anonymous>)
    at /home/jose/work/sira.es/sira-ng2-components/lib-twa-md-dialogs/node_modules/ng-packagr/lib/ng-v5/entry-point/ts/compile-ngc.transform.js:7:71
    at new Promise (<anonymous>)

